  [1m[36mSQL (0.4ms)[0m  [1m SELECT name
 FROM sqlite_master
 WHERE type = 'table' AND NOT name = 'sqlite_sequence'
[0m
  [1m[35mSQL (0.1ms)[0m  select sqlite_version(*)
  [1m[36mSQL (125.2ms)[0m  [1mCREATE TABLE "schema_migrations" ("version" varchar(255) NOT NULL) [0m
  [1m[35mSQL (0.1ms)[0m  PRAGMA index_list("schema_migrations")
  [1m[36mSQL (62.8ms)[0m  [1mCREATE UNIQUE INDEX "unique_schema_migrations" ON "schema_migrations" ("version")[0m
  [1m[35mSQL (0.2ms)[0m   SELECT name
 FROM sqlite_master
 WHERE type = 'table' AND NOT name = 'sqlite_sequence'
  [1m[36mSQL (0.2ms)[0m  [1m SELECT name
 FROM sqlite_master
 WHERE type = 'table' AND NOT name = 'sqlite_sequence'
[0m
  [1m[35mSQL (0.1ms)[0m  SELECT "schema_migrations"."version" FROM "schema_migrations"
Migrating to CreateCocinas (20120322143224)
  [1m[36mSQL (0.5ms)[0m  [1mCREATE TABLE "cocinas" ("id" INTEGER PRIMARY KEY AUTOINCREMENT NOT NULL, "content" varchar(255), "created_at" datetime, "updated_at" datetime) [0m
  [1m[35mSQL (0.2ms)[0m  INSERT INTO "schema_migrations" ("version") VALUES ('20120322143224')
Migrating to CreateDeportes (20120322155451)
  [1m[36mSQL (0.5ms)[0m  [1mCREATE TABLE "deportes" ("id" INTEGER PRIMARY KEY AUTOINCREMENT NOT NULL, "content" varchar(255), "created_at" datetime, "updated_at" datetime) [0m
  [1m[35mSQL (0.2ms)[0m  INSERT INTO "schema_migrations" ("version") VALUES ('20120322155451')
  [1m[36mSQL (0.2ms)[0m  [1m SELECT name
 FROM sqlite_master
 WHERE type = 'table' AND NOT name = 'sqlite_sequence'
[0m
  [1m[35mSQL (0.2ms)[0m  SELECT "schema_migrations"."version" FROM "schema_migrations"
  [1m[36mSQL (0.2ms)[0m  [1m SELECT name
 FROM sqlite_master
 WHERE type = 'table' AND NOT name = 'sqlite_sequence'
[0m
  [1m[35mSQL (0.1ms)[0m  PRAGMA index_list("cocinas")
  [1m[36mSQL (0.0ms)[0m  [1mPRAGMA index_list("deportes")[0m


Started GET "/" for 127.0.0.1 at Fri Mar 23 07:53:11 -0500 2012
  Processing by IniciosController#new as HTML
Rendered inicios/new.html.erb within layouts/application (3.2ms)
Completed 200 OK in 9ms (Views: 8.1ms | ActiveRecord: 0.0ms)


Started GET "/cocinas" for 127.0.0.1 at Fri Mar 23 07:53:35 -0500 2012
  Processing by CocinasController#index as HTML
Redirected to http://localhost:3000/
Completed 302 Found in 1ms


Started GET "/" for 127.0.0.1 at Fri Mar 23 07:53:35 -0500 2012
  Processing by IniciosController#new as HTML
Rendered inicios/new.html.erb within layouts/application (3.3ms)
Completed 200 OK in 9ms (Views: 8.4ms | ActiveRecord: 0.0ms)


Started POST "/inicios" for 127.0.0.1 at Fri Mar 23 07:53:40 -0500 2012
  Processing by IniciosController#create as HTML
  Parameters: {"commit"=>"Entrar", "authenticity_token"=>"BlHZ6q9o7UwrY0Y1pS+gs1mWC210Fm5XNylTCWoJhFk=", "nickname"=>"mondalete", "utf8"=>"✓"}
Redirected to http://localhost:3000/pages
Completed 302 Found in 1ms


Started GET "/pages" for 127.0.0.1 at Fri Mar 23 07:53:40 -0500 2012
  Processing by PagesController#index as HTML
Rendered pages/index.html.erb within layouts/application (3.5ms)
Completed 200 OK in 9ms (Views: 8.2ms | ActiveRecord: 0.0ms)


Started GET "/cocinas" for 127.0.0.1 at Fri Mar 23 07:53:41 -0500 2012
  Processing by CocinasController#index as HTML
  [1m[36mCocina Load (0.6ms)[0m  [1mSELECT "cocinas".* FROM "cocinas"[0m
Rendered collection (0.0ms)
Rendered cocinas/index.html.erb within layouts/application (9.8ms)
Completed 200 OK in 142ms (Views: 15.4ms | ActiveRecord: 0.6ms)


Started POST "/inicios" for 127.0.0.1 at Fri Mar 23 07:53:45 -0500 2012
  Processing by IniciosController#create as HTML
  Parameters: {"commit"=>"Entrar", "authenticity_token"=>"BgEQpNbhVGI+38zxi+PWpytfKmz6tGcDRTVDd/+svQ8=", "nickname"=>"sebastian", "utf8"=>"✓"}
Redirected to http://localhost:3000/pages
Completed 302 Found in 1ms


Started GET "/pages" for 127.0.0.1 at Fri Mar 23 07:53:45 -0500 2012
  Processing by PagesController#index as HTML
Rendered pages/index.html.erb within layouts/application (3.5ms)
Completed 200 OK in 9ms (Views: 8.5ms | ActiveRecord: 0.0ms)


Started GET "/cocinas" for 127.0.0.1 at Fri Mar 23 07:53:47 -0500 2012
  Processing by CocinasController#index as HTML
  [1m[35mCocina Load (0.3ms)[0m  SELECT "cocinas".* FROM "cocinas"
Rendered collection (0.0ms)
Rendered cocinas/index.html.erb within layouts/application (7.5ms)
Completed 200 OK in 18ms (Views: 12.5ms | ActiveRecord: 0.3ms)


Started POST "/cocinas" for 127.0.0.1 at Fri Mar 23 07:53:50 -0500 2012
  Processing by CocinasController#create as JS
  Parameters: {"commit"=>"Send", "cocina"=>{"content"=>"hola bb"}, "authenticity_token"=>"BgEQpNbhVGI+38zxi+PWpytfKmz6tGcDRTVDd/+svQ8=", "utf8"=>"✓"}
  [1m[36mSQL (0.2ms)[0m  [1m SELECT name
 FROM sqlite_master
 WHERE type = 'table' AND NOT name = 'sqlite_sequence'
[0m
  [1m[35mAREL (0.4ms)[0m  INSERT INTO "cocinas" ("created_at", "content", "updated_at") VALUES ('2012-03-23 12:53:50.301295', 'sebastian dice: hola bb', '2012-03-23 12:53:50.301295')
Rendered cocinas/_cocina.html.erb (48.6ms)
Rendered cocinas/create.js.erb (79.0ms)
Completed 200 OK in 243ms (Views: 89.8ms | ActiveRecord: 0.6ms)


Started POST "/cocinas" for 127.0.0.1 at Fri Mar 23 07:53:57 -0500 2012
  Processing by CocinasController#create as JS
  Parameters: {"commit"=>"Send", "cocina"=>{"content"=>"hola"}, "authenticity_token"=>"BlHZ6q9o7UwrY0Y1pS+gs1mWC210Fm5XNylTCWoJhFk=", "utf8"=>"✓"}
  [1m[36mAREL (0.3ms)[0m  [1mINSERT INTO "cocinas" ("updated_at", "created_at", "content") VALUES ('2012-03-23 12:53:57.331901', '2012-03-23 12:53:57.331901', 'mondalete dice: hola')[0m
Rendered cocinas/_cocina.html.erb (0.6ms)
Rendered cocinas/create.js.erb (7.2ms)
Completed 200 OK in 128ms (Views: 13.5ms | ActiveRecord: 0.3ms)


Started POST "/cocinas" for 127.0.0.1 at Fri Mar 23 07:54:05 -0500 2012
  Processing by CocinasController#create as JS
  Parameters: {"commit"=>"Send", "cocina"=>{"content"=>"edwin un 5 ps"}, "authenticity_token"=>"BgEQpNbhVGI+38zxi+PWpytfKmz6tGcDRTVDd/+svQ8=", "utf8"=>"✓"}
  [1m[35mAREL (0.3ms)[0m  INSERT INTO "cocinas" ("created_at", "content", "updated_at") VALUES ('2012-03-23 12:54:05.780214', 'sebastian dice: edwin un 5 ps', '2012-03-23 12:54:05.780214')
Rendered cocinas/_cocina.html.erb (0.9ms)
Rendered cocinas/create.js.erb (9.1ms)
Completed 200 OK in 125ms (Views: 19.2ms | ActiveRecord: 0.3ms)


Started POST "/cocinas" for 127.0.0.1 at Fri Mar 23 07:54:13 -0500 2012
  Processing by CocinasController#create as JS
  Parameters: {"commit"=>"Send", "cocina"=>{"content"=>"listo muchachos si es ya es ya"}, "authenticity_token"=>"BlHZ6q9o7UwrY0Y1pS+gs1mWC210Fm5XNylTCWoJhFk=", "utf8"=>"✓"}
  [1m[36mAREL (0.3ms)[0m  [1mINSERT INTO "cocinas" ("content", "updated_at", "created_at") VALUES ('mondalete dice: listo muchachos si es ya es ya', '2012-03-23 12:54:13.099897', '2012-03-23 12:54:13.099897')[0m
Rendered cocinas/_cocina.html.erb (0.8ms)
Rendered cocinas/create.js.erb (71.6ms)
Completed 200 OK in 191ms (Views: 79.3ms | ActiveRecord: 0.3ms)


Started POST "/cocinas" for 127.0.0.1 at Fri Mar 23 07:54:38 -0500 2012
  Processing by CocinasController#create as JS
  Parameters: {"commit"=>"Send", "cocina"=>{"content"=>"mondalete !!!!!!!"}, "authenticity_token"=>"BgEQpNbhVGI+38zxi+PWpytfKmz6tGcDRTVDd/+svQ8=", "utf8"=>"✓"}
  [1m[35mAREL (0.3ms)[0m  INSERT INTO "cocinas" ("updated_at", "created_at", "content") VALUES ('2012-03-23 12:54:38.349882', '2012-03-23 12:54:38.349882', 'sebastian dice: mondalete !!!!!!!')
Rendered cocinas/_cocina.html.erb (1.0ms)
Rendered cocinas/create.js.erb (9.9ms)
Completed 200 OK in 132ms (Views: 20.4ms | ActiveRecord: 0.3ms)


Started POST "/cocinas" for 127.0.0.1 at Fri Mar 23 07:54:44 -0500 2012
  Processing by CocinasController#create as JS
  Parameters: {"commit"=>"Send", "cocina"=>{"content"=>"aja tu q"}, "authenticity_token"=>"BgEQpNbhVGI+38zxi+PWpytfKmz6tGcDRTVDd/+svQ8=", "utf8"=>"✓"}
  [1m[36mAREL (0.3ms)[0m  [1mINSERT INTO "cocinas" ("updated_at", "content", "created_at") VALUES ('2012-03-23 12:54:44.048231', 'sebastian dice: aja tu q', '2012-03-23 12:54:44.048231')[0m
Rendered cocinas/_cocina.html.erb (0.7ms)
Rendered cocinas/create.js.erb (9.3ms)
Completed 200 OK in 134ms (Views: 17.3ms | ActiveRecord: 0.3ms)


Started POST "/cocinas" for 127.0.0.1 at Fri Mar 23 07:54:51 -0500 2012
  Processing by CocinasController#create as JS
  Parameters: {"commit"=>"Send", "cocina"=>{"content"=>"todo bien"}, "authenticity_token"=>"BlHZ6q9o7UwrY0Y1pS+gs1mWC210Fm5XNylTCWoJhFk=", "utf8"=>"✓"}
  [1m[35mAREL (0.3ms)[0m  INSERT INTO "cocinas" ("updated_at", "content", "created_at") VALUES ('2012-03-23 12:54:51.785643', 'mondalete dice: todo bien', '2012-03-23 12:54:51.785643')
Rendered cocinas/_cocina.html.erb (1.0ms)
Rendered cocinas/create.js.erb (9.0ms)
Completed 200 OK in 126ms (Views: 19.2ms | ActiveRecord: 0.3ms)


Started GET "/pages" for 127.0.0.1 at Fri Mar 23 07:55:05 -0500 2012
  Processing by PagesController#index as HTML
Rendered pages/index.html.erb within layouts/application (3.0ms)
Completed 200 OK in 9ms (Views: 8.1ms | ActiveRecord: 0.0ms)


Started GET "/deportes" for 127.0.0.1 at Fri Mar 23 07:55:08 -0500 2012
  Processing by DeportesController#index as HTML
  [1m[36mDeporte Load (0.4ms)[0m  [1mSELECT "deportes".* FROM "deportes"[0m
Rendered collection (0.0ms)
Rendered deportes/index.html.erb within layouts/application (8.1ms)
Completed 200 OK in 19ms (Views: 12.9ms | ActiveRecord: 0.4ms)


Started POST "/deportes" for 127.0.0.1 at Fri Mar 23 07:55:15 -0500 2012
  Processing by DeportesController#create as JS
  Parameters: {"deporte"=>{"content"=>"oe"}, "commit"=>"Send", "authenticity_token"=>"BlHZ6q9o7UwrY0Y1pS+gs1mWC210Fm5XNylTCWoJhFk=", "utf8"=>"✓"}
Completed   in 1ms

IndexError (string not matched):
  app/controllers/deportes_controller.rb:12:in `[]='
  app/controllers/deportes_controller.rb:12:in `create'

Rendered /usr/lib/ruby/gems/1.8/gems/actionpack-3.0.5/lib/action_dispatch/middleware/templates/rescues/_trace.erb (1.3ms)
Rendered /usr/lib/ruby/gems/1.8/gems/actionpack-3.0.5/lib/action_dispatch/middleware/templates/rescues/_request_and_response.erb (8.4ms)
Rendered /usr/lib/ruby/gems/1.8/gems/actionpack-3.0.5/lib/action_dispatch/middleware/templates/rescues/diagnostics.erb within rescues/layout (14.8ms)


Started POST "/deportes" for 127.0.0.1 at Fri Mar 23 07:55:17 -0500 2012
  Processing by DeportesController#create as JS
  Parameters: {"deporte"=>{"content"=>"oe"}, "commit"=>"Send", "authenticity_token"=>"BlHZ6q9o7UwrY0Y1pS+gs1mWC210Fm5XNylTCWoJhFk=", "utf8"=>"✓"}
Completed   in 1ms

IndexError (string not matched):
  app/controllers/deportes_controller.rb:12:in `[]='
  app/controllers/deportes_controller.rb:12:in `create'

Rendered /usr/lib/ruby/gems/1.8/gems/actionpack-3.0.5/lib/action_dispatch/middleware/templates/rescues/_trace.erb (1.2ms)
Rendered /usr/lib/ruby/gems/1.8/gems/actionpack-3.0.5/lib/action_dispatch/middleware/templates/rescues/_request_and_response.erb (69.0ms)
Rendered /usr/lib/ruby/gems/1.8/gems/actionpack-3.0.5/lib/action_dispatch/middleware/templates/rescues/diagnostics.erb within rescues/layout (74.3ms)


Started POST "/deportes" for 127.0.0.1 at Fri Mar 23 07:55:17 -0500 2012
  Processing by DeportesController#create as JS
  Parameters: {"deporte"=>{"content"=>"oe"}, "commit"=>"Send", "authenticity_token"=>"BlHZ6q9o7UwrY0Y1pS+gs1mWC210Fm5XNylTCWoJhFk=", "utf8"=>"✓"}
Completed   in 1ms

IndexError (string not matched):
  app/controllers/deportes_controller.rb:12:in `[]='
  app/controllers/deportes_controller.rb:12:in `create'

Rendered /usr/lib/ruby/gems/1.8/gems/actionpack-3.0.5/lib/action_dispatch/middleware/templates/rescues/_trace.erb (1.3ms)
Rendered /usr/lib/ruby/gems/1.8/gems/actionpack-3.0.5/lib/action_dispatch/middleware/templates/rescues/_request_and_response.erb (7.2ms)
Rendered /usr/lib/ruby/gems/1.8/gems/actionpack-3.0.5/lib/action_dispatch/middleware/templates/rescues/diagnostics.erb within rescues/layout (13.0ms)


Started POST "/deportes" for 127.0.0.1 at Fri Mar 23 07:55:18 -0500 2012
  Processing by DeportesController#create as JS
  Parameters: {"deporte"=>{"content"=>"oe"}, "commit"=>"Send", "authenticity_token"=>"BlHZ6q9o7UwrY0Y1pS+gs1mWC210Fm5XNylTCWoJhFk=", "utf8"=>"✓"}
Completed   in 1ms

IndexError (string not matched):
  app/controllers/deportes_controller.rb:12:in `[]='
  app/controllers/deportes_controller.rb:12:in `create'

Rendered /usr/lib/ruby/gems/1.8/gems/actionpack-3.0.5/lib/action_dispatch/middleware/templates/rescues/_trace.erb (1.2ms)
Rendered /usr/lib/ruby/gems/1.8/gems/actionpack-3.0.5/lib/action_dispatch/middleware/templates/rescues/_request_and_response.erb (6.9ms)
Rendered /usr/lib/ruby/gems/1.8/gems/actionpack-3.0.5/lib/action_dispatch/middleware/templates/rescues/diagnostics.erb within rescues/layout (12.5ms)


Started POST "/deportes" for 127.0.0.1 at Fri Mar 23 07:55:18 -0500 2012
  Processing by DeportesController#create as JS
  Parameters: {"deporte"=>{"content"=>"oe"}, "commit"=>"Send", "authenticity_token"=>"BlHZ6q9o7UwrY0Y1pS+gs1mWC210Fm5XNylTCWoJhFk=", "utf8"=>"✓"}
Completed   in 1ms

IndexError (string not matched):
  app/controllers/deportes_controller.rb:12:in `[]='
  app/controllers/deportes_controller.rb:12:in `create'

Rendered /usr/lib/ruby/gems/1.8/gems/actionpack-3.0.5/lib/action_dispatch/middleware/templates/rescues/_trace.erb (1.2ms)
Rendered /usr/lib/ruby/gems/1.8/gems/actionpack-3.0.5/lib/action_dispatch/middleware/templates/rescues/_request_and_response.erb (66.6ms)
Rendered /usr/lib/ruby/gems/1.8/gems/actionpack-3.0.5/lib/action_dispatch/middleware/templates/rescues/diagnostics.erb within rescues/layout (71.9ms)


Started POST "/deportes" for 127.0.0.1 at Fri Mar 23 07:55:18 -0500 2012
  Processing by DeportesController#create as JS
  Parameters: {"deporte"=>{"content"=>"oe"}, "commit"=>"Send", "authenticity_token"=>"BlHZ6q9o7UwrY0Y1pS+gs1mWC210Fm5XNylTCWoJhFk=", "utf8"=>"✓"}
Completed   in 1ms

IndexError (string not matched):
  app/controllers/deportes_controller.rb:12:in `[]='
  app/controllers/deportes_controller.rb:12:in `create'

Rendered /usr/lib/ruby/gems/1.8/gems/actionpack-3.0.5/lib/action_dispatch/middleware/templates/rescues/_trace.erb (1.2ms)
Rendered /usr/lib/ruby/gems/1.8/gems/actionpack-3.0.5/lib/action_dispatch/middleware/templates/rescues/_request_and_response.erb (7.0ms)
Rendered /usr/lib/ruby/gems/1.8/gems/actionpack-3.0.5/lib/action_dispatch/middleware/templates/rescues/diagnostics.erb within rescues/layout (12.5ms)


Started POST "/deportes" for 127.0.0.1 at Fri Mar 23 07:55:18 -0500 2012
  Processing by DeportesController#create as JS
  Parameters: {"deporte"=>{"content"=>"oe"}, "commit"=>"Send", "authenticity_token"=>"BlHZ6q9o7UwrY0Y1pS+gs1mWC210Fm5XNylTCWoJhFk=", "utf8"=>"✓"}
Completed   in 1ms

IndexError (string not matched):
  app/controllers/deportes_controller.rb:12:in `[]='
  app/controllers/deportes_controller.rb:12:in `create'

Rendered /usr/lib/ruby/gems/1.8/gems/actionpack-3.0.5/lib/action_dispatch/middleware/templates/rescues/_trace.erb (1.2ms)
Rendered /usr/lib/ruby/gems/1.8/gems/actionpack-3.0.5/lib/action_dispatch/middleware/templates/rescues/_request_and_response.erb (6.7ms)
Rendered /usr/lib/ruby/gems/1.8/gems/actionpack-3.0.5/lib/action_dispatch/middleware/templates/rescues/diagnostics.erb within rescues/layout (12.1ms)


Started POST "/deportes" for 127.0.0.1 at Fri Mar 23 07:55:19 -0500 2012
  Processing by DeportesController#create as JS
  Parameters: {"deporte"=>{"content"=>"oe"}, "commit"=>"Send", "authenticity_token"=>"BlHZ6q9o7UwrY0Y1pS+gs1mWC210Fm5XNylTCWoJhFk=", "utf8"=>"✓"}
Completed   in 1ms

IndexError (string not matched):
  app/controllers/deportes_controller.rb:12:in `[]='
  app/controllers/deportes_controller.rb:12:in `create'

Rendered /usr/lib/ruby/gems/1.8/gems/actionpack-3.0.5/lib/action_dispatch/middleware/templates/rescues/_trace.erb (1.2ms)
Rendered /usr/lib/ruby/gems/1.8/gems/actionpack-3.0.5/lib/action_dispatch/middleware/templates/rescues/_request_and_response.erb (66.0ms)
Rendered /usr/lib/ruby/gems/1.8/gems/actionpack-3.0.5/lib/action_dispatch/middleware/templates/rescues/diagnostics.erb within rescues/layout (74.7ms)


Started POST "/deportes" for 127.0.0.1 at Fri Mar 23 07:55:21 -0500 2012
  Processing by DeportesController#create as JS
  Parameters: {"deporte"=>{"content"=>"oe"}, "commit"=>"Send", "authenticity_token"=>"BlHZ6q9o7UwrY0Y1pS+gs1mWC210Fm5XNylTCWoJhFk=", "utf8"=>"✓"}
Completed   in 1ms

IndexError (string not matched):
  app/controllers/deportes_controller.rb:12:in `[]='
  app/controllers/deportes_controller.rb:12:in `create'

Rendered /usr/lib/ruby/gems/1.8/gems/actionpack-3.0.5/lib/action_dispatch/middleware/templates/rescues/_trace.erb (1.3ms)
Rendered /usr/lib/ruby/gems/1.8/gems/actionpack-3.0.5/lib/action_dispatch/middleware/templates/rescues/_request_and_response.erb (7.0ms)
Rendered /usr/lib/ruby/gems/1.8/gems/actionpack-3.0.5/lib/action_dispatch/middleware/templates/rescues/diagnostics.erb within rescues/layout (12.5ms)


Started POST "/deportes" for 127.0.0.1 at Fri Mar 23 07:55:22 -0500 2012
  Processing by DeportesController#create as JS
  Parameters: {"deporte"=>{"content"=>"oe"}, "commit"=>"Send", "authenticity_token"=>"BlHZ6q9o7UwrY0Y1pS+gs1mWC210Fm5XNylTCWoJhFk=", "utf8"=>"✓"}
Completed   in 1ms

IndexError (string not matched):
  app/controllers/deportes_controller.rb:12:in `[]='
  app/controllers/deportes_controller.rb:12:in `create'

Rendered /usr/lib/ruby/gems/1.8/gems/actionpack-3.0.5/lib/action_dispatch/middleware/templates/rescues/_trace.erb (1.2ms)
Rendered /usr/lib/ruby/gems/1.8/gems/actionpack-3.0.5/lib/action_dispatch/middleware/templates/rescues/_request_and_response.erb (6.7ms)
Rendered /usr/lib/ruby/gems/1.8/gems/actionpack-3.0.5/lib/action_dispatch/middleware/templates/rescues/diagnostics.erb within rescues/layout (12.0ms)


Started POST "/deportes" for 127.0.0.1 at Fri Mar 23 07:55:22 -0500 2012
  Processing by DeportesController#create as JS
  Parameters: {"deporte"=>{"content"=>"oe"}, "commit"=>"Send", "authenticity_token"=>"BlHZ6q9o7UwrY0Y1pS+gs1mWC210Fm5XNylTCWoJhFk=", "utf8"=>"✓"}
Completed   in 1ms

IndexError (string not matched):
  app/controllers/deportes_controller.rb:12:in `[]='
  app/controllers/deportes_controller.rb:12:in `create'

Rendered /usr/lib/ruby/gems/1.8/gems/actionpack-3.0.5/lib/action_dispatch/middleware/templates/rescues/_trace.erb (1.2ms)
Rendered /usr/lib/ruby/gems/1.8/gems/actionpack-3.0.5/lib/action_dispatch/middleware/templates/rescues/_request_and_response.erb (6.6ms)
Rendered /usr/lib/ruby/gems/1.8/gems/actionpack-3.0.5/lib/action_dispatch/middleware/templates/rescues/diagnostics.erb within rescues/layout (11.8ms)


Started POST "/deportes" for 127.0.0.1 at Fri Mar 23 07:55:23 -0500 2012
  Processing by DeportesController#create as JS
  Parameters: {"deporte"=>{"content"=>"oe"}, "commit"=>"Send", "authenticity_token"=>"BlHZ6q9o7UwrY0Y1pS+gs1mWC210Fm5XNylTCWoJhFk=", "utf8"=>"✓"}
Completed   in 1ms

IndexError (string not matched):
  app/controllers/deportes_controller.rb:12:in `[]='
  app/controllers/deportes_controller.rb:12:in `create'

Rendered /usr/lib/ruby/gems/1.8/gems/actionpack-3.0.5/lib/action_dispatch/middleware/templates/rescues/_trace.erb (1.3ms)
Rendered /usr/lib/ruby/gems/1.8/gems/actionpack-3.0.5/lib/action_dispatch/middleware/templates/rescues/_request_and_response.erb (7.3ms)
Rendered /usr/lib/ruby/gems/1.8/gems/actionpack-3.0.5/lib/action_dispatch/middleware/templates/rescues/diagnostics.erb within rescues/layout (12.7ms)


Started POST "/deportes" for 127.0.0.1 at Fri Mar 23 07:55:23 -0500 2012
  Processing by DeportesController#create as JS
  Parameters: {"deporte"=>{"content"=>"oe"}, "commit"=>"Send", "authenticity_token"=>"BlHZ6q9o7UwrY0Y1pS+gs1mWC210Fm5XNylTCWoJhFk=", "utf8"=>"✓"}
Completed   in 1ms

IndexError (string not matched):
  app/controllers/deportes_controller.rb:12:in `[]='
  app/controllers/deportes_controller.rb:12:in `create'

Rendered /usr/lib/ruby/gems/1.8/gems/actionpack-3.0.5/lib/action_dispatch/middleware/templates/rescues/_trace.erb (1.2ms)
Rendered /usr/lib/ruby/gems/1.8/gems/actionpack-3.0.5/lib/action_dispatch/middleware/templates/rescues/_request_and_response.erb (6.7ms)
Rendered /usr/lib/ruby/gems/1.8/gems/actionpack-3.0.5/lib/action_dispatch/middleware/templates/rescues/diagnostics.erb within rescues/layout (12.0ms)


Started POST "/deportes" for 127.0.0.1 at Fri Mar 23 07:55:24 -0500 2012
  Processing by DeportesController#create as JS
  Parameters: {"deporte"=>{"content"=>"oe"}, "commit"=>"Send", "authenticity_token"=>"BlHZ6q9o7UwrY0Y1pS+gs1mWC210Fm5XNylTCWoJhFk=", "utf8"=>"✓"}
Completed   in 1ms

IndexError (string not matched):
  app/controllers/deportes_controller.rb:12:in `[]='
  app/controllers/deportes_controller.rb:12:in `create'

Rendered /usr/lib/ruby/gems/1.8/gems/actionpack-3.0.5/lib/action_dispatch/middleware/templates/rescues/_trace.erb (1.2ms)
Rendered /usr/lib/ruby/gems/1.8/gems/actionpack-3.0.5/lib/action_dispatch/middleware/templates/rescues/_request_and_response.erb (6.6ms)
Rendered /usr/lib/ruby/gems/1.8/gems/actionpack-3.0.5/lib/action_dispatch/middleware/templates/rescues/diagnostics.erb within rescues/layout (11.9ms)


Started POST "/deportes" for 127.0.0.1 at Fri Mar 23 07:55:24 -0500 2012
  Processing by DeportesController#create as JS
  Parameters: {"deporte"=>{"content"=>"oe"}, "commit"=>"Send", "authenticity_token"=>"BlHZ6q9o7UwrY0Y1pS+gs1mWC210Fm5XNylTCWoJhFk=", "utf8"=>"✓"}
Completed   in 1ms

IndexError (string not matched):
  app/controllers/deportes_controller.rb:12:in `[]='
  app/controllers/deportes_controller.rb:12:in `create'

Rendered /usr/lib/ruby/gems/1.8/gems/actionpack-3.0.5/lib/action_dispatch/middleware/templates/rescues/_trace.erb (1.3ms)
Rendered /usr/lib/ruby/gems/1.8/gems/actionpack-3.0.5/lib/action_dispatch/middleware/templates/rescues/_request_and_response.erb (7.1ms)
Rendered /usr/lib/ruby/gems/1.8/gems/actionpack-3.0.5/lib/action_dispatch/middleware/templates/rescues/diagnostics.erb within rescues/layout (12.9ms)


Started POST "/deportes" for 127.0.0.1 at Fri Mar 23 07:55:24 -0500 2012
  Processing by DeportesController#create as JS
  Parameters: {"deporte"=>{"content"=>"oe"}, "commit"=>"Send", "authenticity_token"=>"BlHZ6q9o7UwrY0Y1pS+gs1mWC210Fm5XNylTCWoJhFk=", "utf8"=>"✓"}
Completed   in 1ms

IndexError (string not matched):
  app/controllers/deportes_controller.rb:12:in `[]='
  app/controllers/deportes_controller.rb:12:in `create'

Rendered /usr/lib/ruby/gems/1.8/gems/actionpack-3.0.5/lib/action_dispatch/middleware/templates/rescues/_trace.erb (1.2ms)
Rendered /usr/lib/ruby/gems/1.8/gems/actionpack-3.0.5/lib/action_dispatch/middleware/templates/rescues/_request_and_response.erb (6.7ms)
Rendered /usr/lib/ruby/gems/1.8/gems/actionpack-3.0.5/lib/action_dispatch/middleware/templates/rescues/diagnostics.erb within rescues/layout (12.2ms)


Started POST "/deportes" for 127.0.0.1 at Fri Mar 23 07:55:25 -0500 2012
  Processing by DeportesController#create as JS
  Parameters: {"deporte"=>{"content"=>"oe"}, "commit"=>"Send", "authenticity_token"=>"BlHZ6q9o7UwrY0Y1pS+gs1mWC210Fm5XNylTCWoJhFk=", "utf8"=>"✓"}
Completed   in 1ms

IndexError (string not matched):
  app/controllers/deportes_controller.rb:12:in `[]='
  app/controllers/deportes_controller.rb:12:in `create'

Rendered /usr/lib/ruby/gems/1.8/gems/actionpack-3.0.5/lib/action_dispatch/middleware/templates/rescues/_trace.erb (1.2ms)
Rendered /usr/lib/ruby/gems/1.8/gems/actionpack-3.0.5/lib/action_dispatch/middleware/templates/rescues/_request_and_response.erb (6.6ms)
Rendered /usr/lib/ruby/gems/1.8/gems/actionpack-3.0.5/lib/action_dispatch/middleware/templates/rescues/diagnostics.erb within rescues/layout (11.9ms)


Started POST "/deportes" for 127.0.0.1 at Fri Mar 23 07:55:25 -0500 2012
  Processing by DeportesController#create as JS
  Parameters: {"deporte"=>{"content"=>"oe"}, "commit"=>"Send", "authenticity_token"=>"BlHZ6q9o7UwrY0Y1pS+gs1mWC210Fm5XNylTCWoJhFk=", "utf8"=>"✓"}
Completed   in 1ms

IndexError (string not matched):
  app/controllers/deportes_controller.rb:12:in `[]='
  app/controllers/deportes_controller.rb:12:in `create'

Rendered /usr/lib/ruby/gems/1.8/gems/actionpack-3.0.5/lib/action_dispatch/middleware/templates/rescues/_trace.erb (1.7ms)
Rendered /usr/lib/ruby/gems/1.8/gems/actionpack-3.0.5/lib/action_dispatch/middleware/templates/rescues/_request_and_response.erb (7.9ms)
Rendered /usr/lib/ruby/gems/1.8/gems/actionpack-3.0.5/lib/action_dispatch/middleware/templates/rescues/diagnostics.erb within rescues/layout (23.1ms)


Started POST "/deportes" for 127.0.0.1 at Fri Mar 23 07:55:25 -0500 2012
  Processing by DeportesController#create as JS
  Parameters: {"deporte"=>{"content"=>"oe"}, "commit"=>"Send", "authenticity_token"=>"BlHZ6q9o7UwrY0Y1pS+gs1mWC210Fm5XNylTCWoJhFk=", "utf8"=>"✓"}
Completed   in 1ms

IndexError (string not matched):
  app/controllers/deportes_controller.rb:12:in `[]='
  app/controllers/deportes_controller.rb:12:in `create'

Rendered /usr/lib/ruby/gems/1.8/gems/actionpack-3.0.5/lib/action_dispatch/middleware/templates/rescues/_trace.erb (1.3ms)
Rendered /usr/lib/ruby/gems/1.8/gems/actionpack-3.0.5/lib/action_dispatch/middleware/templates/rescues/_request_and_response.erb (7.2ms)
Rendered /usr/lib/ruby/gems/1.8/gems/actionpack-3.0.5/lib/action_dispatch/middleware/templates/rescues/diagnostics.erb within rescues/layout (12.6ms)


Started POST "/deportes" for 127.0.0.1 at Fri Mar 23 07:55:26 -0500 2012
  Processing by DeportesController#create as JS
  Parameters: {"deporte"=>{"content"=>"oe"}, "commit"=>"Send", "authenticity_token"=>"BlHZ6q9o7UwrY0Y1pS+gs1mWC210Fm5XNylTCWoJhFk=", "utf8"=>"✓"}
Completed   in 1ms

IndexError (string not matched):
  app/controllers/deportes_controller.rb:12:in `[]='
  app/controllers/deportes_controller.rb:12:in `create'

Rendered /usr/lib/ruby/gems/1.8/gems/actionpack-3.0.5/lib/action_dispatch/middleware/templates/rescues/_trace.erb (1.2ms)
Rendered /usr/lib/ruby/gems/1.8/gems/actionpack-3.0.5/lib/action_dispatch/middleware/templates/rescues/_request_and_response.erb (6.6ms)
Rendered /usr/lib/ruby/gems/1.8/gems/actionpack-3.0.5/lib/action_dispatch/middleware/templates/rescues/diagnostics.erb within rescues/layout (11.9ms)


Started POST "/deportes" for 127.0.0.1 at Fri Mar 23 07:55:26 -0500 2012
  Processing by DeportesController#create as JS
  Parameters: {"deporte"=>{"content"=>"oe"}, "commit"=>"Send", "authenticity_token"=>"BlHZ6q9o7UwrY0Y1pS+gs1mWC210Fm5XNylTCWoJhFk=", "utf8"=>"✓"}
Completed   in 1ms

IndexError (string not matched):
  app/controllers/deportes_controller.rb:12:in `[]='
  app/controllers/deportes_controller.rb:12:in `create'

Rendered /usr/lib/ruby/gems/1.8/gems/actionpack-3.0.5/lib/action_dispatch/middleware/templates/rescues/_trace.erb (1.4ms)
Rendered /usr/lib/ruby/gems/1.8/gems/actionpack-3.0.5/lib/action_dispatch/middleware/templates/rescues/_request_and_response.erb (7.4ms)
Rendered /usr/lib/ruby/gems/1.8/gems/actionpack-3.0.5/lib/action_dispatch/middleware/templates/rescues/diagnostics.erb within rescues/layout (13.1ms)


Started GET "/deportes" for 127.0.0.1 at Fri Mar 23 07:55:26 -0500 2012
  Processing by DeportesController#index as HTML
  [1m[35mDeporte Load (0.4ms)[0m  SELECT "deportes".* FROM "deportes"
Rendered collection (0.0ms)
Rendered deportes/index.html.erb within layouts/application (7.7ms)
Completed 200 OK in 18ms (Views: 12.8ms | ActiveRecord: 0.4ms)


Started GET "/deportes" for 127.0.0.1 at Fri Mar 23 07:55:28 -0500 2012
  Processing by DeportesController#index as HTML
  [1m[36mDeporte Load (0.3ms)[0m  [1mSELECT "deportes".* FROM "deportes"[0m
Rendered collection (0.0ms)
Rendered deportes/index.html.erb within layouts/application (8.2ms)
Completed 200 OK in 19ms (Views: 13.0ms | ActiveRecord: 0.3ms)


Started GET "/deportes" for 127.0.0.1 at Fri Mar 23 07:55:29 -0500 2012
  Processing by DeportesController#index as HTML
  [1m[35mDeporte Load (0.4ms)[0m  SELECT "deportes".* FROM "deportes"
Rendered collection (0.0ms)
Rendered deportes/index.html.erb within layouts/application (8.3ms)
Completed 200 OK in 21ms (Views: 13.4ms | ActiveRecord: 0.4ms)


Started GET "/deportes" for 127.0.0.1 at Fri Mar 23 07:55:29 -0500 2012
  Processing by DeportesController#index as HTML
  [1m[36mDeporte Load (0.4ms)[0m  [1mSELECT "deportes".* FROM "deportes"[0m
Rendered collection (0.0ms)
Rendered deportes/index.html.erb within layouts/application (7.6ms)
Completed 200 OK in 20ms (Views: 12.7ms | ActiveRecord: 0.4ms)


Started GET "/deportes" for 127.0.0.1 at Fri Mar 23 07:55:29 -0500 2012
  Processing by DeportesController#index as HTML
  [1m[35mDeporte Load (0.4ms)[0m  SELECT "deportes".* FROM "deportes"
Rendered collection (0.0ms)
Rendered deportes/index.html.erb within layouts/application (75.6ms)
Completed 200 OK in 89ms (Views: 81.1ms | ActiveRecord: 0.4ms)


Started GET "/deportes" for 127.0.0.1 at Fri Mar 23 07:55:30 -0500 2012
  Processing by DeportesController#index as HTML
  [1m[36mDeporte Load (0.4ms)[0m  [1mSELECT "deportes".* FROM "deportes"[0m
Rendered collection (0.0ms)
Rendered deportes/index.html.erb within layouts/application (8.2ms)
Completed 200 OK in 19ms (Views: 12.9ms | ActiveRecord: 0.4ms)


Started GET "/deportes" for 127.0.0.1 at Fri Mar 23 07:55:30 -0500 2012
  Processing by DeportesController#index as HTML
  [1m[35mDeporte Load (0.4ms)[0m  SELECT "deportes".* FROM "deportes"
Rendered collection (0.0ms)
Rendered deportes/index.html.erb within layouts/application (7.6ms)
Completed 200 OK in 18ms (Views: 12.2ms | ActiveRecord: 0.4ms)


Started GET "/deportes" for 127.0.0.1 at Fri Mar 23 07:55:30 -0500 2012
  Processing by DeportesController#index as HTML
  [1m[36mDeporte Load (0.6ms)[0m  [1mSELECT "deportes".* FROM "deportes"[0m
Rendered collection (0.0ms)
Rendered deportes/index.html.erb within layouts/application (9.8ms)
Completed 200 OK in 26ms (Views: 17.6ms | ActiveRecord: 0.6ms)


Started POST "/deportes" for 127.0.0.1 at Fri Mar 23 07:55:33 -0500 2012
  Processing by DeportesController#create as JS
  Parameters: {"deporte"=>{"content"=>"oe"}, "commit"=>"Send", "authenticity_token"=>"BlHZ6q9o7UwrY0Y1pS+gs1mWC210Fm5XNylTCWoJhFk=", "utf8"=>"✓"}
Completed   in 1ms

IndexError (string not matched):
  app/controllers/deportes_controller.rb:12:in `[]='
  app/controllers/deportes_controller.rb:12:in `create'

Rendered /usr/lib/ruby/gems/1.8/gems/actionpack-3.0.5/lib/action_dispatch/middleware/templates/rescues/_trace.erb (1.3ms)
Rendered /usr/lib/ruby/gems/1.8/gems/actionpack-3.0.5/lib/action_dispatch/middleware/templates/rescues/_request_and_response.erb (6.8ms)
Rendered /usr/lib/ruby/gems/1.8/gems/actionpack-3.0.5/lib/action_dispatch/middleware/templates/rescues/diagnostics.erb within rescues/layout (12.2ms)


Started GET "/cocinas" for 127.0.0.1 at Fri Mar 23 07:57:12 -0500 2012
  Processing by CocinasController#index as HTML
  [1m[36mCocina Load (0.7ms)[0m  [1mSELECT "cocinas".* FROM "cocinas"[0m
Rendered cocinas/_cocina.html.erb (66.5ms)
Rendered cocinas/index.html.erb within layouts/application (77.4ms)
Completed 200 OK in 109ms (Views: 82.9ms | ActiveRecord: 0.7ms)


Started GET "/pages" for 127.0.0.1 at Fri Mar 23 07:57:13 -0500 2012
  Processing by PagesController#index as HTML
Rendered pages/index.html.erb within layouts/application (3.6ms)
Completed 200 OK in 9ms (Views: 8.7ms | ActiveRecord: 0.0ms)


Started GET "/deportes" for 127.0.0.1 at Fri Mar 23 07:57:14 -0500 2012
  Processing by DeportesController#index as HTML
  [1m[35mDeporte Load (0.4ms)[0m  SELECT "deportes".* FROM "deportes"
Rendered collection (0.0ms)
Rendered deportes/index.html.erb within layouts/application (8.4ms)
Completed 200 OK in 19ms (Views: 13.0ms | ActiveRecord: 0.4ms)


Started GET "/deportes" for 127.0.0.1 at Fri Mar 23 07:57:17 -0500 2012
  Processing by DeportesController#index as HTML
  [1m[36mDeporte Load (0.4ms)[0m  [1mSELECT "deportes".* FROM "deportes"[0m
Rendered collection (0.0ms)
Rendered deportes/index.html.erb within layouts/application (8.8ms)
Completed 200 OK in 28ms (Views: 13.6ms | ActiveRecord: 0.4ms)


Started GET "/deportes" for 127.0.0.1 at Fri Mar 23 07:57:17 -0500 2012
  Processing by DeportesController#index as HTML
  [1m[35mDeporte Load (0.4ms)[0m  SELECT "deportes".* FROM "deportes"
Rendered collection (0.0ms)
Rendered deportes/index.html.erb within layouts/application (8.9ms)
Completed 200 OK in 20ms (Views: 14.0ms | ActiveRecord: 0.4ms)


Started POST "/deportes" for 127.0.0.1 at Fri Mar 23 07:57:20 -0500 2012
  Processing by DeportesController#create as JS
  Parameters: {"utf8"=>"✓", "deporte"=>{"content"=>"hola"}, "authenticity_token"=>"BgEQpNbhVGI+38zxi+PWpytfKmz6tGcDRTVDd/+svQ8=", "commit"=>"Send"}
  [1m[36mSQL (0.2ms)[0m  [1m SELECT name
 FROM sqlite_master
 WHERE type = 'table' AND NOT name = 'sqlite_sequence'
[0m
  [1m[35mAREL (0.4ms)[0m  INSERT INTO "deportes" ("created_at", "updated_at", "content") VALUES ('2012-03-23 12:57:20.433208', '2012-03-23 12:57:20.433208', 'sebastian dice: hola')
Rendered deportes/_deporte.html.erb (0.6ms)
Rendered deportes/create.js.erb (8.6ms)
Completed 200 OK in 142ms (Views: 18.7ms | ActiveRecord: 0.6ms)


Started GET "/pages" for 127.0.0.1 at Fri Mar 23 07:57:29 -0500 2012
  Processing by PagesController#index as HTML
Rendered pages/index.html.erb within layouts/application (3.8ms)
Completed 200 OK in 10ms (Views: 8.9ms | ActiveRecord: 0.0ms)


Started GET "/cocinas" for 127.0.0.1 at Fri Mar 23 07:57:31 -0500 2012
  Processing by CocinasController#index as HTML
  [1m[36mCocina Load (0.6ms)[0m  [1mSELECT "cocinas".* FROM "cocinas"[0m
Rendered cocinas/_cocina.html.erb (4.9ms)
Rendered cocinas/index.html.erb within layouts/application (11.9ms)
Completed 200 OK in 24ms (Views: 17.6ms | ActiveRecord: 0.6ms)


Started POST "/cocinas" for 127.0.0.1 at Fri Mar 23 07:57:35 -0500 2012
  Processing by CocinasController#create as JS
  Parameters: {"utf8"=>"✓", "authenticity_token"=>"BlHZ6q9o7UwrY0Y1pS+gs1mWC210Fm5XNylTCWoJhFk=", "cocina"=>{"content"=>"oe"}, "commit"=>"Send"}
  [1m[35mAREL (0.3ms)[0m  INSERT INTO "cocinas" ("content", "created_at", "updated_at") VALUES ('mondalete dice: oe', '2012-03-23 12:57:35.729559', '2012-03-23 12:57:35.729559')
Rendered cocinas/_cocina.html.erb (0.7ms)
Rendered cocinas/create.js.erb (7.3ms)
Completed 200 OK in 131ms (Views: 17.6ms | ActiveRecord: 0.3ms)


Started POST "/deportes" for 127.0.0.1 at Fri Mar 23 07:57:54 -0500 2012
  Processing by DeportesController#create as JS
  Parameters: {"utf8"=>"✓", "deporte"=>{"content"=>"qqqq"}, "authenticity_token"=>"BgEQpNbhVGI+38zxi+PWpytfKmz6tGcDRTVDd/+svQ8=", "commit"=>"Send"}
  [1m[36mAREL (0.3ms)[0m  [1mINSERT INTO "deportes" ("content", "updated_at", "created_at") VALUES ('sebastian dice: qqqq', '2012-03-23 12:57:54.216964', '2012-03-23 12:57:54.216964')[0m
Rendered deportes/_deporte.html.erb (0.9ms)
Rendered deportes/create.js.erb (8.7ms)
Completed 200 OK in 468ms (Views: 18.2ms | ActiveRecord: 0.3ms)


Started POST "/cocinas" for 127.0.0.1 at Fri Mar 23 07:57:58 -0500 2012
  Processing by CocinasController#create as JS
  Parameters: {"utf8"=>"✓", "authenticity_token"=>"BlHZ6q9o7UwrY0Y1pS+gs1mWC210Fm5XNylTCWoJhFk=", "cocina"=>{"content"=>"qqq"}, "commit"=>"Send"}
  [1m[35mAREL (0.3ms)[0m  INSERT INTO "cocinas" ("created_at", "updated_at", "content") VALUES ('2012-03-23 12:57:58.089745', '2012-03-23 12:57:58.089745', 'mondalete dice: qqq')
Rendered cocinas/_cocina.html.erb (0.7ms)
Rendered cocinas/create.js.erb (7.2ms)
Completed 200 OK in 119ms (Views: 17.0ms | ActiveRecord: 0.3ms)


Started POST "/cocinas" for 127.0.0.1 at Fri Mar 23 07:57:58 -0500 2012
  Processing by CocinasController#create as JS
  Parameters: {"utf8"=>"✓", "authenticity_token"=>"BlHZ6q9o7UwrY0Y1pS+gs1mWC210Fm5XNylTCWoJhFk=", "cocina"=>{"content"=>"qqq"}, "commit"=>"Send"}
  [1m[36mAREL (0.3ms)[0m  [1mINSERT INTO "cocinas" ("content", "created_at", "updated_at") VALUES ('mondalete dice: qqq', '2012-03-23 12:57:58.838676', '2012-03-23 12:57:58.838676')[0m
Rendered cocinas/_cocina.html.erb (0.7ms)
Rendered cocinas/create.js.erb (7.4ms)
Completed 200 OK in 134ms (Views: 13.9ms | ActiveRecord: 0.3ms)


Started POST "/cocinas" for 127.0.0.1 at Fri Mar 23 07:57:59 -0500 2012
  Processing by CocinasController#create as JS
  Parameters: {"utf8"=>"✓", "authenticity_token"=>"BlHZ6q9o7UwrY0Y1pS+gs1mWC210Fm5XNylTCWoJhFk=", "cocina"=>{"content"=>"qqq"}, "commit"=>"Send"}
  [1m[35mAREL (0.3ms)[0m  INSERT INTO "cocinas" ("created_at", "updated_at", "content") VALUES ('2012-03-23 12:57:59.297354', '2012-03-23 12:57:59.297354', 'mondalete dice: qqq')
Rendered cocinas/_cocina.html.erb (0.7ms)
Rendered cocinas/create.js.erb (10.1ms)
Completed 200 OK in 133ms (Views: 16.4ms | ActiveRecord: 0.3ms)


Started POST "/cocinas" for 127.0.0.1 at Fri Mar 23 07:57:59 -0500 2012
  Processing by CocinasController#create as JS
  Parameters: {"utf8"=>"✓", "authenticity_token"=>"BlHZ6q9o7UwrY0Y1pS+gs1mWC210Fm5XNylTCWoJhFk=", "cocina"=>{"content"=>"qq"}, "commit"=>"Send"}
  [1m[36mAREL (0.3ms)[0m  [1mINSERT INTO "cocinas" ("content", "created_at", "updated_at") VALUES ('mondalete dice: qq', '2012-03-23 12:57:59.751916', '2012-03-23 12:57:59.751916')[0m
Rendered cocinas/_cocina.html.erb (1.0ms)
Rendered cocinas/create.js.erb (10.3ms)
Completed 200 OK in 128ms (Views: 21.5ms | ActiveRecord: 0.3ms)


Started POST "/cocinas" for 127.0.0.1 at Fri Mar 23 07:58:00 -0500 2012
  Processing by CocinasController#create as JS
  Parameters: {"utf8"=>"✓", "authenticity_token"=>"BlHZ6q9o7UwrY0Y1pS+gs1mWC210Fm5XNylTCWoJhFk=", "cocina"=>{"content"=>""}, "commit"=>"Send"}
  [1m[35mAREL (0.3ms)[0m  INSERT INTO "cocinas" ("updated_at", "content", "created_at") VALUES ('2012-03-23 12:58:00.105135', 'mondalete dice: ', '2012-03-23 12:58:00.105135')
Rendered cocinas/_cocina.html.erb (0.8ms)
Rendered cocinas/create.js.erb (72.0ms)
Completed 200 OK in 203ms (Views: 82.2ms | ActiveRecord: 0.3ms)


Started GET "/deportes" for 127.0.0.1 at Fri Mar 23 07:58:03 -0500 2012
  Processing by DeportesController#index as HTML
  [1m[36mDeporte Load (0.5ms)[0m  [1mSELECT "deportes".* FROM "deportes"[0m
Rendered deportes/_deporte.html.erb (3.8ms)
Rendered deportes/index.html.erb within layouts/application (11.2ms)
Completed 200 OK in 23ms (Views: 16.1ms | ActiveRecord: 0.5ms)


Started POST "/cocinas" for 127.0.0.1 at Fri Mar 23 07:58:22 -0500 2012
  Processing by CocinasController#create as JS
  Parameters: {"utf8"=>"✓", "authenticity_token"=>"BlHZ6q9o7UwrY0Y1pS+gs1mWC210Fm5XNylTCWoJhFk=", "cocina"=>{"content"=>"oelo"}, "commit"=>"Send"}
  [1m[35mAREL (0.3ms)[0m  INSERT INTO "cocinas" ("updated_at", "content", "created_at") VALUES ('2012-03-23 12:58:23.010782', 'mondalete dice: oelo', '2012-03-23 12:58:23.010782')
Rendered cocinas/_cocina.html.erb (1.0ms)
Rendered cocinas/create.js.erb (8.4ms)
Completed 200 OK in 126ms (Views: 18.9ms | ActiveRecord: 0.3ms)


Started GET "/deportes" for 127.0.0.1 at Fri Mar 23 07:58:26 -0500 2012
  Processing by DeportesController#index as HTML
  [1m[36mDeporte Load (0.4ms)[0m  [1mSELECT "deportes".* FROM "deportes"[0m
Rendered deportes/_deporte.html.erb (3.6ms)
Rendered deportes/index.html.erb within layouts/application (9.6ms)
Completed 200 OK in 20ms (Views: 14.1ms | ActiveRecord: 0.4ms)


Started POST "/deportes" for 127.0.0.1 at Fri Mar 23 07:58:44 -0500 2012
  Processing by DeportesController#create as JS
  Parameters: {"utf8"=>"✓", "deporte"=>{"content"=>"si seraaaaa"}, "authenticity_token"=>"BgEQpNbhVGI+38zxi+PWpytfKmz6tGcDRTVDd/+svQ8=", "commit"=>"Send"}
  [1m[35mAREL (0.3ms)[0m  INSERT INTO "deportes" ("content", "created_at", "updated_at") VALUES ('sebastian dice: si seraaaaa', '2012-03-23 12:58:44.943856', '2012-03-23 12:58:44.943856')
Rendered deportes/_deporte.html.erb (0.7ms)
Rendered deportes/create.js.erb (7.7ms)
Completed 200 OK in 530ms (Views: 18.2ms | ActiveRecord: 0.3ms)


Started POST "/deportes" for 127.0.0.1 at Fri Mar 23 07:58:52 -0500 2012
  Processing by DeportesController#create as JS
  Parameters: {"utf8"=>"✓", "deporte"=>{"content"=>"expone vos mk }"}, "authenticity_token"=>"BgEQpNbhVGI+38zxi+PWpytfKmz6tGcDRTVDd/+svQ8=", "commit"=>"Send"}
  [1m[36mAREL (0.3ms)[0m  [1mINSERT INTO "deportes" ("content", "updated_at", "created_at") VALUES ('sebastian dice: expone vos mk }', '2012-03-23 12:58:52.606693', '2012-03-23 12:58:52.606693')[0m
Rendered deportes/_deporte.html.erb (0.7ms)
Rendered deportes/create.js.erb (10.9ms)
Completed 200 OK in 142ms (Views: 22.8ms | ActiveRecord: 0.3ms)


Started POST "/deportes" for 127.0.0.1 at Fri Mar 23 07:58:55 -0500 2012
  Processing by DeportesController#create as JS
  Parameters: {"utf8"=>"✓", "deporte"=>{"content"=>"jaja"}, "authenticity_token"=>"BgEQpNbhVGI+38zxi+PWpytfKmz6tGcDRTVDd/+svQ8=", "commit"=>"Send"}
  [1m[35mAREL (0.3ms)[0m  INSERT INTO "deportes" ("content", "updated_at", "created_at") VALUES ('sebastian dice: jaja', '2012-03-23 12:58:55.877894', '2012-03-23 12:58:55.877894')
Rendered deportes/_deporte.html.erb (0.6ms)
Rendered deportes/create.js.erb (6.9ms)
Completed 200 OK in 132ms (Views: 15.0ms | ActiveRecord: 0.3ms)


Started POST "/deportes" for 127.0.0.1 at Fri Mar 23 07:59:04 -0500 2012
  Processing by DeportesController#create as JS
  Parameters: {"utf8"=>"✓", "deporte"=>{"content"=>"no esa no me la se, no aplica, next"}, "authenticity_token"=>"BgEQpNbhVGI+38zxi+PWpytfKmz6tGcDRTVDd/+svQ8=", "commit"=>"Send"}
  [1m[36mAREL (0.3ms)[0m  [1mINSERT INTO "deportes" ("created_at", "updated_at", "content") VALUES ('2012-03-23 12:59:04.259256', '2012-03-23 12:59:04.259256', 'sebastian dice: no esa no me la se, no aplica, next')[0m
Rendered deportes/_deporte.html.erb (1.0ms)
Rendered deportes/create.js.erb (9.3ms)
Completed 200 OK in 136ms (Views: 16.0ms | ActiveRecord: 0.3ms)


Started POST "/deportes" for 127.0.0.1 at Fri Mar 23 07:59:31 -0500 2012
  Processing by DeportesController#create as JS
  Parameters: {"utf8"=>"✓", "deporte"=>{"content"=>"de una oarce"}, "authenticity_token"=>"BgEQpNbhVGI+38zxi+PWpytfKmz6tGcDRTVDd/+svQ8=", "commit"=>"Send"}
  [1m[35mAREL (0.3ms)[0m  INSERT INTO "deportes" ("content", "updated_at", "created_at") VALUES ('sebastian dice: de una oarce', '2012-03-23 12:59:31.628583', '2012-03-23 12:59:31.628583')
Rendered deportes/_deporte.html.erb (1.0ms)
Rendered deportes/create.js.erb (16.1ms)
Completed 200 OK in 438ms (Views: 26.4ms | ActiveRecord: 0.3ms)


Started POST "/deportes" for 127.0.0.1 at Fri Mar 23 07:59:34 -0500 2012
  Processing by DeportesController#create as JS
  Parameters: {"utf8"=>"✓", "deporte"=>{"content"=>"parce"}, "authenticity_token"=>"BgEQpNbhVGI+38zxi+PWpytfKmz6tGcDRTVDd/+svQ8=", "commit"=>"Send"}
  [1m[36mAREL (0.3ms)[0m  [1mINSERT INTO "deportes" ("created_at", "content", "updated_at") VALUES ('2012-03-23 12:59:34.064211', 'sebastian dice: parce', '2012-03-23 12:59:34.064211')[0m
Rendered deportes/_deporte.html.erb (0.6ms)
Rendered deportes/create.js.erb (10.1ms)
Completed 200 OK in 131ms (Views: 20.2ms | ActiveRecord: 0.3ms)


Started GET "/" for 127.0.0.1 at Sat Mar 24 17:17:24 -0500 2012
  Processing by IniciosController#new as HTML
Rendered inicios/new.html.erb within layouts/application (3.5ms)
Completed 200 OK in 10ms (Views: 9.3ms | ActiveRecord: 0.0ms)


Started POST "/inicios" for 127.0.0.1 at Sat Mar 24 17:17:46 -0500 2012
  Processing by IniciosController#create as HTML
  Parameters: {"utf8"=>"✓", "commit"=>"Entrar", "nickname"=>"oe", "authenticity_token"=>"pGjm8r3Ag8LRBweI8dwUPE6oRwBANzlPm2nx0khUnfI="}
Redirected to http://localhost:3000/pages
Completed 302 Found in 2ms


Started GET "/pages" for 127.0.0.1 at Sat Mar 24 17:17:46 -0500 2012
  Processing by PagesController#index as HTML
Rendered pages/index.html.erb within layouts/application (3.8ms)
Completed 200 OK in 10ms (Views: 9.1ms | ActiveRecord: 0.0ms)


Started GET "/cocinas" for 127.0.0.1 at Sat Mar 24 17:24:14 -0500 2012
  Processing by CocinasController#index as HTML
  [1m[36mCocina Load (0.8ms)[0m  [1mSELECT "cocinas".* FROM "cocinas"[0m
Rendered cocinas/_cocina.html.erb (13.9ms)
Rendered cocinas/index.html.erb within layouts/application (25.1ms)
Completed 200 OK in 82ms (Views: 30.0ms | ActiveRecord: 0.8ms)


Started POST "/cocinas" for 127.0.0.1 at Sat Mar 24 17:24:17 -0500 2012
  Processing by CocinasController#create as JS
  Parameters: {"utf8"=>"✓", "commit"=>"Send", "cocina"=>{"content"=>"oelo"}, "authenticity_token"=>"pGjm8r3Ag8LRBweI8dwUPE6oRwBANzlPm2nx0khUnfI="}
  [1m[35mSQL (0.3ms)[0m   SELECT name
 FROM sqlite_master
 WHERE type = 'table' AND NOT name = 'sqlite_sequence'
  [1m[36mAREL (9.9ms)[0m  [1mINSERT INTO "cocinas" ("updated_at", "created_at", "content") VALUES ('2012-03-24 22:24:17.703929', '2012-03-24 22:24:17.703929', 'oe dice: oelo')[0m
Rendered cocinas/_cocina.html.erb (0.8ms)
Rendered cocinas/create.js.erb (23.4ms)
Completed   in 248ms

ActionView::Template::Error (Connection refused - connect(2)):
    1: <% broadcast "/cocinas/new" do %>
    2:   $("#chat").append("<%= escape_javascript render(@cocinas) %>");
    3: <% end %>
    4: $("#new_cocina")[0].reset();
  app/helpers/application_helper.rb:5:in `broadcast'
  app/views/cocinas/create.js.erb:1:in `_app_views_cocinas_create_js_erb__685934090_70325786124220_0'

Rendered /usr/lib/ruby/gems/1.8/gems/actionpack-3.0.5/lib/action_dispatch/middleware/templates/rescues/_trace.erb (2.3ms)
Rendered /usr/lib/ruby/gems/1.8/gems/actionpack-3.0.5/lib/action_dispatch/middleware/templates/rescues/_request_and_response.erb (13.2ms)
Rendered /usr/lib/ruby/gems/1.8/gems/actionpack-3.0.5/lib/action_dispatch/middleware/templates/rescues/template_error.erb within rescues/layout (23.9ms)


Started POST "/cocinas" for 127.0.0.1 at Sat Mar 24 17:24:18 -0500 2012
  Processing by CocinasController#create as JS
  Parameters: {"utf8"=>"✓", "commit"=>"Send", "cocina"=>{"content"=>"oelo"}, "authenticity_token"=>"pGjm8r3Ag8LRBweI8dwUPE6oRwBANzlPm2nx0khUnfI="}
  [1m[35mAREL (0.3ms)[0m  INSERT INTO "cocinas" ("updated_at", "content", "created_at") VALUES ('2012-03-24 22:24:18.815155', 'oe dice: oelo', '2012-03-24 22:24:18.815155')
Rendered cocinas/_cocina.html.erb (0.7ms)
Rendered cocinas/create.js.erb (3.9ms)
Completed   in 138ms

ActionView::Template::Error (Connection refused - connect(2)):
    1: <% broadcast "/cocinas/new" do %>
    2:   $("#chat").append("<%= escape_javascript render(@cocinas) %>");
    3: <% end %>
    4: $("#new_cocina")[0].reset();
  app/helpers/application_helper.rb:5:in `broadcast'
  app/views/cocinas/create.js.erb:1:in `_app_views_cocinas_create_js_erb__685934090_70325784651460_0'

Rendered /usr/lib/ruby/gems/1.8/gems/actionpack-3.0.5/lib/action_dispatch/middleware/templates/rescues/_trace.erb (1.3ms)
Rendered /usr/lib/ruby/gems/1.8/gems/actionpack-3.0.5/lib/action_dispatch/middleware/templates/rescues/_request_and_response.erb (7.3ms)
Rendered /usr/lib/ruby/gems/1.8/gems/actionpack-3.0.5/lib/action_dispatch/middleware/templates/rescues/template_error.erb within rescues/layout (13.2ms)


Started POST "/cocinas" for 127.0.0.1 at Sat Mar 24 17:24:20 -0500 2012
  Processing by CocinasController#create as JS
  Parameters: {"utf8"=>"✓", "commit"=>"Send", "cocina"=>{"content"=>"oelo"}, "authenticity_token"=>"pGjm8r3Ag8LRBweI8dwUPE6oRwBANzlPm2nx0khUnfI="}
  [1m[36mAREL (0.3ms)[0m  [1mINSERT INTO "cocinas" ("content", "created_at", "updated_at") VALUES ('oe dice: oelo', '2012-03-24 22:24:20.423607', '2012-03-24 22:24:20.423607')[0m
Rendered cocinas/_cocina.html.erb (0.7ms)
Rendered cocinas/create.js.erb (4.0ms)
Completed   in 164ms

ActionView::Template::Error (Connection refused - connect(2)):
    1: <% broadcast "/cocinas/new" do %>
    2:   $("#chat").append("<%= escape_javascript render(@cocinas) %>");
    3: <% end %>
    4: $("#new_cocina")[0].reset();
  app/helpers/application_helper.rb:5:in `broadcast'
  app/views/cocinas/create.js.erb:1:in `_app_views_cocinas_create_js_erb__685934090_70325783513580_0'

Rendered /usr/lib/ruby/gems/1.8/gems/actionpack-3.0.5/lib/action_dispatch/middleware/templates/rescues/_trace.erb (1.5ms)
Rendered /usr/lib/ruby/gems/1.8/gems/actionpack-3.0.5/lib/action_dispatch/middleware/templates/rescues/_request_and_response.erb (8.3ms)
Rendered /usr/lib/ruby/gems/1.8/gems/actionpack-3.0.5/lib/action_dispatch/middleware/templates/rescues/template_error.erb within rescues/layout (15.4ms)


Started POST "/cocinas" for 127.0.0.1 at Sat Mar 24 17:24:20 -0500 2012
  Processing by CocinasController#create as JS
  Parameters: {"utf8"=>"✓", "commit"=>"Send", "cocina"=>{"content"=>"oelo"}, "authenticity_token"=>"pGjm8r3Ag8LRBweI8dwUPE6oRwBANzlPm2nx0khUnfI="}
  [1m[35mAREL (0.3ms)[0m  INSERT INTO "cocinas" ("content", "updated_at", "created_at") VALUES ('oe dice: oelo', '2012-03-24 22:24:20.726671', '2012-03-24 22:24:20.726671')
Rendered cocinas/_cocina.html.erb (1.3ms)
Rendered cocinas/create.js.erb (6.3ms)
Completed   in 132ms

ActionView::Template::Error (Connection refused - connect(2)):
    1: <% broadcast "/cocinas/new" do %>
    2:   $("#chat").append("<%= escape_javascript render(@cocinas) %>");
    3: <% end %>
    4: $("#new_cocina")[0].reset();
  app/helpers/application_helper.rb:5:in `broadcast'
  app/views/cocinas/create.js.erb:1:in `_app_views_cocinas_create_js_erb__685934090_70325784903160_0'

Rendered /usr/lib/ruby/gems/1.8/gems/actionpack-3.0.5/lib/action_dispatch/middleware/templates/rescues/_trace.erb (1.3ms)
Rendered /usr/lib/ruby/gems/1.8/gems/actionpack-3.0.5/lib/action_dispatch/middleware/templates/rescues/_request_and_response.erb (7.6ms)
Rendered /usr/lib/ruby/gems/1.8/gems/actionpack-3.0.5/lib/action_dispatch/middleware/templates/rescues/template_error.erb within rescues/layout (13.5ms)


Started POST "/cocinas" for 127.0.0.1 at Sat Mar 24 17:24:20 -0500 2012
  Processing by CocinasController#create as JS
  Parameters: {"utf8"=>"✓", "commit"=>"Send", "cocina"=>{"content"=>"oelo"}, "authenticity_token"=>"pGjm8r3Ag8LRBweI8dwUPE6oRwBANzlPm2nx0khUnfI="}
  [1m[36mAREL (0.3ms)[0m  [1mINSERT INTO "cocinas" ("updated_at", "created_at", "content") VALUES ('2012-03-24 22:24:20.938714', '2012-03-24 22:24:20.938714', 'oe dice: oelo')[0m
Rendered cocinas/_cocina.html.erb (0.9ms)
Rendered cocinas/create.js.erb (5.8ms)
Completed   in 129ms

ActionView::Template::Error (Connection refused - connect(2)):
    1: <% broadcast "/cocinas/new" do %>
    2:   $("#chat").append("<%= escape_javascript render(@cocinas) %>");
    3: <% end %>
    4: $("#new_cocina")[0].reset();
  app/helpers/application_helper.rb:5:in `broadcast'
  app/views/cocinas/create.js.erb:1:in `_app_views_cocinas_create_js_erb__685934090_70325783665720_0'

Rendered /usr/lib/ruby/gems/1.8/gems/actionpack-3.0.5/lib/action_dispatch/middleware/templates/rescues/_trace.erb (1.3ms)
Rendered /usr/lib/ruby/gems/1.8/gems/actionpack-3.0.5/lib/action_dispatch/middleware/templates/rescues/_request_and_response.erb (74.8ms)
Rendered /usr/lib/ruby/gems/1.8/gems/actionpack-3.0.5/lib/action_dispatch/middleware/templates/rescues/template_error.erb within rescues/layout (81.1ms)


Started POST "/cocinas" for 127.0.0.1 at Sat Mar 24 17:24:21 -0500 2012
  Processing by CocinasController#create as JS
  Parameters: {"utf8"=>"✓", "commit"=>"Send", "cocina"=>{"content"=>"oelo"}, "authenticity_token"=>"pGjm8r3Ag8LRBweI8dwUPE6oRwBANzlPm2nx0khUnfI="}
  [1m[35mAREL (0.4ms)[0m  INSERT INTO "cocinas" ("created_at", "content", "updated_at") VALUES ('2012-03-24 22:24:21.192662', 'oe dice: oelo', '2012-03-24 22:24:21.192662')
Rendered cocinas/_cocina.html.erb (1.0ms)
Rendered cocinas/create.js.erb (5.9ms)
Completed   in 122ms

ActionView::Template::Error (Connection refused - connect(2)):
    1: <% broadcast "/cocinas/new" do %>
    2:   $("#chat").append("<%= escape_javascript render(@cocinas) %>");
    3: <% end %>
    4: $("#new_cocina")[0].reset();
  app/helpers/application_helper.rb:5:in `broadcast'
  app/views/cocinas/create.js.erb:1:in `_app_views_cocinas_create_js_erb__685934090_70325785375080_0'

Rendered /usr/lib/ruby/gems/1.8/gems/actionpack-3.0.5/lib/action_dispatch/middleware/templates/rescues/_trace.erb (1.3ms)
Rendered /usr/lib/ruby/gems/1.8/gems/actionpack-3.0.5/lib/action_dispatch/middleware/templates/rescues/_request_and_response.erb (7.7ms)
Rendered /usr/lib/ruby/gems/1.8/gems/actionpack-3.0.5/lib/action_dispatch/middleware/templates/rescues/template_error.erb within rescues/layout (13.7ms)


Started GET "/cocinas" for 127.0.0.1 at Sat Mar 24 17:24:21 -0500 2012
  Processing by CocinasController#index as HTML
  [1m[36mCocina Load (0.9ms)[0m  [1mSELECT "cocinas".* FROM "cocinas"[0m
Rendered cocinas/_cocina.html.erb (7.8ms)
Rendered cocinas/index.html.erb within layouts/application (14.2ms)
Completed 200 OK in 26ms (Views: 18.9ms | ActiveRecord: 0.9ms)


Started GET "/cocinas" for 127.0.0.1 at Sat Mar 24 17:24:22 -0500 2012
  Processing by CocinasController#index as HTML
  [1m[35mCocina Load (0.9ms)[0m  SELECT "cocinas".* FROM "cocinas"
Rendered cocinas/_cocina.html.erb (9.5ms)
Rendered cocinas/index.html.erb within layouts/application (17.7ms)
Completed 200 OK in 32ms (Views: 23.7ms | ActiveRecord: 0.9ms)


Started GET "/cocinas" for 127.0.0.1 at Sat Mar 24 17:24:22 -0500 2012
  Processing by CocinasController#index as HTML
  [1m[36mCocina Load (0.9ms)[0m  [1mSELECT "cocinas".* FROM "cocinas"[0m
Rendered cocinas/_cocina.html.erb (10.9ms)
Rendered cocinas/index.html.erb within layouts/application (17.9ms)
Completed 200 OK in 32ms (Views: 23.9ms | ActiveRecord: 0.9ms)


Started GET "/cocinas" for 127.0.0.1 at Sat Mar 24 17:24:23 -0500 2012
  Processing by CocinasController#index as HTML
  [1m[35mCocina Load (0.8ms)[0m  SELECT "cocinas".* FROM "cocinas"
Rendered cocinas/_cocina.html.erb (8.1ms)
Rendered cocinas/index.html.erb within layouts/application (14.6ms)
Completed 200 OK in 26ms (Views: 19.6ms | ActiveRecord: 0.8ms)


Started GET "/cocinas" for 127.0.0.1 at Sat Mar 24 17:24:23 -0500 2012
  Processing by CocinasController#index as HTML
  [1m[36mCocina Load (0.9ms)[0m  [1mSELECT "cocinas".* FROM "cocinas"[0m
Rendered cocinas/_cocina.html.erb (11.3ms)
Rendered cocinas/index.html.erb within layouts/application (19.0ms)
Completed 200 OK in 33ms (Views: 24.7ms | ActiveRecord: 0.9ms)


Started GET "/cocinas" for 127.0.0.1 at Sat Mar 24 17:24:23 -0500 2012
  Processing by CocinasController#index as HTML
  [1m[35mCocina Load (1.0ms)[0m  SELECT "cocinas".* FROM "cocinas"
Rendered cocinas/_cocina.html.erb (8.9ms)
Rendered cocinas/index.html.erb within layouts/application (16.5ms)
Completed 200 OK in 31ms (Views: 22.9ms | ActiveRecord: 1.0ms)


Started POST "/cocinas" for 127.0.0.1 at Sat Mar 24 17:24:25 -0500 2012
  Processing by CocinasController#create as JS
  Parameters: {"utf8"=>"✓", "commit"=>"Send", "cocina"=>{"content"=>"oe"}, "authenticity_token"=>"pGjm8r3Ag8LRBweI8dwUPE6oRwBANzlPm2nx0khUnfI="}
  [1m[36mAREL (0.3ms)[0m  [1mINSERT INTO "cocinas" ("updated_at", "created_at", "content") VALUES ('2012-03-24 22:24:25.707491', '2012-03-24 22:24:25.707491', 'oe dice: oe')[0m
Rendered cocinas/_cocina.html.erb (1.2ms)
Rendered cocinas/create.js.erb (6.1ms)
Completed   in 132ms

ActionView::Template::Error (Connection refused - connect(2)):
    1: <% broadcast "/cocinas/new" do %>
    2:   $("#chat").append("<%= escape_javascript render(@cocinas) %>");
    3: <% end %>
    4: $("#new_cocina")[0].reset();
  app/helpers/application_helper.rb:5:in `broadcast'
  app/views/cocinas/create.js.erb:1:in `_app_views_cocinas_create_js_erb__685934090_70325785537720_0'

Rendered /usr/lib/ruby/gems/1.8/gems/actionpack-3.0.5/lib/action_dispatch/middleware/templates/rescues/_trace.erb (1.3ms)
Rendered /usr/lib/ruby/gems/1.8/gems/actionpack-3.0.5/lib/action_dispatch/middleware/templates/rescues/_request_and_response.erb (7.6ms)
Rendered /usr/lib/ruby/gems/1.8/gems/actionpack-3.0.5/lib/action_dispatch/middleware/templates/rescues/template_error.erb within rescues/layout (13.6ms)


Started POST "/cocinas" for 127.0.0.1 at Sat Mar 24 17:24:26 -0500 2012
  Processing by CocinasController#create as JS
  Parameters: {"utf8"=>"✓", "commit"=>"Send", "cocina"=>{"content"=>"oe"}, "authenticity_token"=>"pGjm8r3Ag8LRBweI8dwUPE6oRwBANzlPm2nx0khUnfI="}
  [1m[35mAREL (0.3ms)[0m  INSERT INTO "cocinas" ("created_at", "updated_at", "content") VALUES ('2012-03-24 22:24:26.158449', '2012-03-24 22:24:26.158449', 'oe dice: oe')
Rendered cocinas/_cocina.html.erb (0.6ms)
Rendered cocinas/create.js.erb (3.8ms)
Completed   in 129ms

ActionView::Template::Error (Connection refused - connect(2)):
    1: <% broadcast "/cocinas/new" do %>
    2:   $("#chat").append("<%= escape_javascript render(@cocinas) %>");
    3: <% end %>
    4: $("#new_cocina")[0].reset();
  app/helpers/application_helper.rb:5:in `broadcast'
  app/views/cocinas/create.js.erb:1:in `_app_views_cocinas_create_js_erb__685934090_70325784181140_0'

Rendered /usr/lib/ruby/gems/1.8/gems/actionpack-3.0.5/lib/action_dispatch/middleware/templates/rescues/_trace.erb (1.4ms)
Rendered /usr/lib/ruby/gems/1.8/gems/actionpack-3.0.5/lib/action_dispatch/middleware/templates/rescues/_request_and_response.erb (7.2ms)
Rendered /usr/lib/ruby/gems/1.8/gems/actionpack-3.0.5/lib/action_dispatch/middleware/templates/rescues/template_error.erb within rescues/layout (13.4ms)


Started POST "/cocinas" for 127.0.0.1 at Sat Mar 24 17:24:26 -0500 2012
  Processing by CocinasController#create as JS
  Parameters: {"utf8"=>"✓", "commit"=>"Send", "cocina"=>{"content"=>"oe"}, "authenticity_token"=>"pGjm8r3Ag8LRBweI8dwUPE6oRwBANzlPm2nx0khUnfI="}
  [1m[36mAREL (0.3ms)[0m  [1mINSERT INTO "cocinas" ("content", "created_at", "updated_at") VALUES ('oe dice: oe', '2012-03-24 22:24:26.525244', '2012-03-24 22:24:26.525244')[0m
Rendered cocinas/_cocina.html.erb (0.8ms)
Rendered cocinas/create.js.erb (7.2ms)
Completed   in 130ms

ActionView::Template::Error (Connection refused - connect(2)):
    1: <% broadcast "/cocinas/new" do %>
    2:   $("#chat").append("<%= escape_javascript render(@cocinas) %>");
    3: <% end %>
    4: $("#new_cocina")[0].reset();
  app/helpers/application_helper.rb:5:in `broadcast'
  app/views/cocinas/create.js.erb:1:in `_app_views_cocinas_create_js_erb__685934090_70325785706520_0'

Rendered /usr/lib/ruby/gems/1.8/gems/actionpack-3.0.5/lib/action_dispatch/middleware/templates/rescues/_trace.erb (1.4ms)
Rendered /usr/lib/ruby/gems/1.8/gems/actionpack-3.0.5/lib/action_dispatch/middleware/templates/rescues/_request_and_response.erb (8.0ms)
Rendered /usr/lib/ruby/gems/1.8/gems/actionpack-3.0.5/lib/action_dispatch/middleware/templates/rescues/template_error.erb within rescues/layout (17.0ms)


Started POST "/cocinas" for 127.0.0.1 at Sat Mar 24 17:24:26 -0500 2012
  Processing by CocinasController#create as JS
  Parameters: {"utf8"=>"✓", "commit"=>"Send", "cocina"=>{"content"=>"oe"}, "authenticity_token"=>"pGjm8r3Ag8LRBweI8dwUPE6oRwBANzlPm2nx0khUnfI="}
  [1m[35mAREL (0.3ms)[0m  INSERT INTO "cocinas" ("updated_at", "content", "created_at") VALUES ('2012-03-24 22:24:26.711701', 'oe dice: oe', '2012-03-24 22:24:26.711701')
Rendered cocinas/_cocina.html.erb (0.6ms)
Rendered cocinas/create.js.erb (3.9ms)
Completed   in 115ms

ActionView::Template::Error (Connection refused - connect(2)):
    1: <% broadcast "/cocinas/new" do %>
    2:   $("#chat").append("<%= escape_javascript render(@cocinas) %>");
    3: <% end %>
    4: $("#new_cocina")[0].reset();
  app/helpers/application_helper.rb:5:in `broadcast'
  app/views/cocinas/create.js.erb:1:in `_app_views_cocinas_create_js_erb__685934090_70325784294440_0'

Rendered /usr/lib/ruby/gems/1.8/gems/actionpack-3.0.5/lib/action_dispatch/middleware/templates/rescues/_trace.erb (1.3ms)
Rendered /usr/lib/ruby/gems/1.8/gems/actionpack-3.0.5/lib/action_dispatch/middleware/templates/rescues/_request_and_response.erb (7.4ms)
Rendered /usr/lib/ruby/gems/1.8/gems/actionpack-3.0.5/lib/action_dispatch/middleware/templates/rescues/template_error.erb within rescues/layout (13.2ms)


Started GET "/" for 127.0.0.1 at Sat Mar 24 17:30:52 -0500 2012
  Processing by IniciosController#new as HTML
Rendered inicios/new.html.erb within layouts/application (3.4ms)
Completed 200 OK in 9ms (Views: 8.8ms | ActiveRecord: 0.0ms)


Started POST "/inicios" for 127.0.0.1 at Sat Mar 24 17:30:56 -0500 2012
  Processing by IniciosController#create as HTML
  Parameters: {"authenticity_token"=>"pGjm8r3Ag8LRBweI8dwUPE6oRwBANzlPm2nx0khUnfI=", "nickname"=>"mostro", "commit"=>"Entrar", "utf8"=>"✓"}
Redirected to http://localhost:3000/pages
Completed 302 Found in 2ms


Started GET "/pages" for 127.0.0.1 at Sat Mar 24 17:30:56 -0500 2012
  Processing by PagesController#index as HTML
Rendered pages/index.html.erb within layouts/application (3.5ms)
Completed 200 OK in 10ms (Views: 9.5ms | ActiveRecord: 0.0ms)


Started GET "/cocinas" for 127.0.0.1 at Sat Mar 24 17:30:58 -0500 2012
  Processing by CocinasController#index as HTML
  [1m[36mCocina Load (0.9ms)[0m  [1mSELECT "cocinas".* FROM "cocinas"[0m
Rendered cocinas/_cocina.html.erb (10.6ms)
Rendered cocinas/index.html.erb within layouts/application (21.1ms)
Completed 200 OK in 54ms (Views: 25.8ms | ActiveRecord: 0.9ms)


Started POST "/cocinas" for 127.0.0.1 at Sat Mar 24 17:31:01 -0500 2012
  Processing by CocinasController#create as JS
  Parameters: {"cocina"=>{"content"=>"oe"}, "authenticity_token"=>"pGjm8r3Ag8LRBweI8dwUPE6oRwBANzlPm2nx0khUnfI=", "commit"=>"Send", "utf8"=>"✓"}
  [1m[35mSQL (0.3ms)[0m   SELECT name
 FROM sqlite_master
 WHERE type = 'table' AND NOT name = 'sqlite_sequence'
  [1m[36mAREL (0.4ms)[0m  [1mINSERT INTO "cocinas" ("updated_at", "created_at", "content") VALUES ('2012-03-24 22:31:01.096529', '2012-03-24 22:31:01.096529', 'mostro dice: oe')[0m
Rendered cocinas/_cocina.html.erb (0.7ms)
Rendered cocinas/create.js.erb (53.6ms)
Completed 200 OK in 199ms (Views: 60.5ms | ActiveRecord: 0.7ms)


Started POST "/cocinas" for 127.0.0.1 at Sat Mar 24 17:34:58 -0500 2012
  Processing by CocinasController#create as JS
  Parameters: {"cocina"=>{"content"=>"oelo"}, "authenticity_token"=>"pGjm8r3Ag8LRBweI8dwUPE6oRwBANzlPm2nx0khUnfI=", "commit"=>"Send", "utf8"=>"✓"}
  [1m[35mAREL (0.3ms)[0m  INSERT INTO "cocinas" ("created_at", "updated_at", "content") VALUES ('2012-03-24 22:34:58.917050', '2012-03-24 22:34:58.917050', 'mostro dice: oelo')
Rendered cocinas/_cocina.html.erb (0.8ms)
Rendered cocinas/create.js.erb (7.3ms)
Completed 200 OK in 130ms (Views: 14.5ms | ActiveRecord: 0.3ms)


Started GET "/cocinas" for 127.0.0.1 at Sat Mar 24 17:35:29 -0500 2012
  Processing by CocinasController#index as HTML
Redirected to http://localhost:3000/
Completed 302 Found in 2ms


Started GET "/" for 127.0.0.1 at Sat Mar 24 17:35:29 -0500 2012
  Processing by IniciosController#new as HTML
Rendered inicios/new.html.erb within layouts/application (3.8ms)
Completed 200 OK in 14ms (Views: 12.8ms | ActiveRecord: 0.0ms)


Started POST "/inicios" for 127.0.0.1 at Sat Mar 24 17:35:33 -0500 2012
  Processing by IniciosController#create as HTML
  Parameters: {"authenticity_token"=>"s12BbcKxu1v/qo21pYnSwNd2ORwbo+yTupWF2eanmSs=", "nickname"=>"bien", "commit"=>"Entrar", "utf8"=>"✓"}
Redirected to http://localhost:3000/pages
Completed 302 Found in 2ms


Started GET "/pages" for 127.0.0.1 at Sat Mar 24 17:35:33 -0500 2012
  Processing by PagesController#index as HTML
Rendered pages/index.html.erb within layouts/application (3.9ms)
Completed 200 OK in 9ms (Views: 8.9ms | ActiveRecord: 0.0ms)


Started GET "/cocinas" for 127.0.0.1 at Sat Mar 24 17:35:36 -0500 2012
  Processing by CocinasController#index as HTML
  [1m[36mCocina Load (1.2ms)[0m  [1mSELECT "cocinas".* FROM "cocinas"[0m
Rendered cocinas/_cocina.html.erb (16.0ms)
Rendered cocinas/index.html.erb within layouts/application (25.9ms)
Completed 200 OK in 45ms (Views: 32.9ms | ActiveRecord: 1.2ms)


Started POST "/cocinas" for 127.0.0.1 at Sat Mar 24 17:36:00 -0500 2012
  Processing by CocinasController#create as JS
  Parameters: {"cocina"=>{"content"=>"oe"}, "authenticity_token"=>"s12BbcKxu1v/qo21pYnSwNd2ORwbo+yTupWF2eanmSs=", "commit"=>"Send", "utf8"=>"✓"}
  [1m[35mAREL (0.3ms)[0m  INSERT INTO "cocinas" ("content", "created_at", "updated_at") VALUES ('bien dice: oe', '2012-03-24 22:36:00.768442', '2012-03-24 22:36:00.768442')
Rendered cocinas/_cocina.html.erb (0.6ms)
Rendered cocinas/create.js.erb (7.3ms)
Completed 200 OK in 219ms (Views: 16.3ms | ActiveRecord: 0.3ms)


Started POST "/cocinas" for 127.0.0.1 at Sat Mar 24 17:36:34 -0500 2012
  Processing by CocinasController#create as JS
  Parameters: {"cocina"=>{"content"=>"bien o no"}, "authenticity_token"=>"s12BbcKxu1v/qo21pYnSwNd2ORwbo+yTupWF2eanmSs=", "commit"=>"Send", "utf8"=>"✓"}
  [1m[36mAREL (0.3ms)[0m  [1mINSERT INTO "cocinas" ("created_at", "content", "updated_at") VALUES ('2012-03-24 22:36:34.321547', 'bien dice: bien o no', '2012-03-24 22:36:34.321547')[0m
Rendered cocinas/_cocina.html.erb (0.8ms)
Rendered cocinas/create.js.erb (7.8ms)
Completed 200 OK in 246ms (Views: 18.8ms | ActiveRecord: 0.3ms)


Started POST "/cocinas" for 127.0.0.1 at Sat Mar 24 17:37:00 -0500 2012
  Processing by CocinasController#create as JS
  Parameters: {"cocina"=>{"content"=>"hey"}, "authenticity_token"=>"s12BbcKxu1v/qo21pYnSwNd2ORwbo+yTupWF2eanmSs=", "commit"=>"Send", "utf8"=>"✓"}
  [1m[35mAREL (0.3ms)[0m  INSERT INTO "cocinas" ("created_at", "updated_at", "content") VALUES ('2012-03-24 22:37:00.512979', '2012-03-24 22:37:00.512979', 'bien dice: hey')
Rendered cocinas/_cocina.html.erb (0.9ms)
Rendered cocinas/create.js.erb (8.0ms)
Completed 200 OK in 249ms (Views: 20.9ms | ActiveRecord: 0.3ms)


Started GET "/" for 127.0.0.1 at Sat Mar 24 17:37:51 -0500 2012
  Processing by IniciosController#new as HTML
Rendered inicios/new.html.erb within layouts/application (3.2ms)
Completed 200 OK in 8ms (Views: 7.8ms | ActiveRecord: 0.0ms)


Started POST "/inicios" for 127.0.0.1 at Sat Mar 24 17:37:57 -0500 2012
  Processing by IniciosController#create as HTML
  Parameters: {"authenticity_token"=>"s12BbcKxu1v/qo21pYnSwNd2ORwbo+yTupWF2eanmSs=", "nickname"=>"idiota", "commit"=>"Entrar", "utf8"=>"✓"}
Redirected to http://localhost:3000/pages
Completed 302 Found in 4ms


Started GET "/pages" for 127.0.0.1 at Sat Mar 24 17:37:57 -0500 2012
  Processing by PagesController#index as HTML
Rendered pages/index.html.erb within layouts/application (3.3ms)
Completed 200 OK in 10ms (Views: 9.1ms | ActiveRecord: 0.0ms)


Started GET "/cocinas" for 127.0.0.1 at Sat Mar 24 17:38:00 -0500 2012
  Processing by CocinasController#index as HTML
  [1m[36mCocina Load (1.2ms)[0m  [1mSELECT "cocinas".* FROM "cocinas"[0m
Rendered cocinas/_cocina.html.erb (10.3ms)
Rendered cocinas/index.html.erb within layouts/application (16.8ms)
Completed 200 OK in 30ms (Views: 21.9ms | ActiveRecord: 1.2ms)


Started POST "/cocinas" for 127.0.0.1 at Sat Mar 24 17:38:08 -0500 2012
  Processing by CocinasController#create as JS
  Parameters: {"cocina"=>{"content"=>"oelos"}, "authenticity_token"=>"s12BbcKxu1v/qo21pYnSwNd2ORwbo+yTupWF2eanmSs=", "commit"=>"Send", "utf8"=>"✓"}
  [1m[35mAREL (0.3ms)[0m  INSERT INTO "cocinas" ("content", "updated_at", "created_at") VALUES ('idiota dice: oelos', '2012-03-24 22:38:08.771741', '2012-03-24 22:38:08.771741')
Rendered cocinas/_cocina.html.erb (1.0ms)
Rendered cocinas/create.js.erb (9.4ms)
Completed 200 OK in 247ms (Views: 20.4ms | ActiveRecord: 0.3ms)


Started GET "/pages" for 127.0.0.1 at Sat Mar 24 17:38:32 -0500 2012
  Processing by PagesController#index as HTML
Rendered pages/index.html.erb within layouts/application (106.6ms)
Completed 200 OK in 113ms (Views: 112.0ms | ActiveRecord: 0.0ms)


Started GET "/cocinas" for 127.0.0.1 at Sat Mar 24 17:39:04 -0500 2012
  Processing by CocinasController#index as HTML
  [1m[36mCocina Load (1.1ms)[0m  [1mSELECT "cocinas".* FROM "cocinas"[0m
Rendered cocinas/_cocina.html.erb (10.0ms)
Rendered cocinas/index.html.erb within layouts/application (16.4ms)
Completed 200 OK in 30ms (Views: 21.2ms | ActiveRecord: 1.1ms)


Started GET "/cocinas" for 127.0.0.1 at Sat Mar 24 17:40:03 -0500 2012
  Processing by CocinasController#index as HTML
  [1m[35mCocina Load (1.1ms)[0m  SELECT "cocinas".* FROM "cocinas"
Rendered cocinas/_cocina.html.erb (9.7ms)
Rendered cocinas/index.html.erb within layouts/application (16.3ms)
Completed 200 OK in 29ms (Views: 20.9ms | ActiveRecord: 1.1ms)


Started POST "/cocinas" for 127.0.0.1 at Sat Mar 24 17:40:12 -0500 2012
  Processing by CocinasController#create as JS
  Parameters: {"cocina"=>{"content"=>"todo bien"}, "authenticity_token"=>"pGjm8r3Ag8LRBweI8dwUPE6oRwBANzlPm2nx0khUnfI=", "commit"=>"Send", "utf8"=>"✓"}
  [1m[36mAREL (0.3ms)[0m  [1mINSERT INTO "cocinas" ("updated_at", "content", "created_at") VALUES ('2012-03-24 22:40:12.052634', 'mostro dice: todo bien', '2012-03-24 22:40:12.052634')[0m
Rendered cocinas/_cocina.html.erb (1.1ms)
Rendered cocinas/create.js.erb (10.1ms)
Completed 200 OK in 149ms (Views: 21.1ms | ActiveRecord: 0.3ms)


Started GET "/" for 127.0.0.1 at Tue Mar 27 18:17:31 -0500 2012
  Processing by IniciosController#new as HTML
Rendered inicios/new.html.erb within layouts/application (5.7ms)
Completed 200 OK in 12ms (Views: 11.1ms | ActiveRecord: 0.0ms)


Started POST "/inicios" for 127.0.0.1 at Tue Mar 27 18:17:36 -0500 2012
  Processing by IniciosController#create as HTML
  Parameters: {"nickname"=>"oe", "authenticity_token"=>"LcKPklKlc8jHSq9UdeSsA5cLB0W2EjwvGXG56bjl8zw=", "commit"=>"Entrar", "utf8"=>"✓"}
Redirected to http://localhost:3000/pages
Completed 302 Found in 2ms


Started GET "/pages" for 127.0.0.1 at Tue Mar 27 18:17:37 -0500 2012
  Processing by PagesController#index as HTML
Rendered pages/index.html.erb within layouts/application (4.2ms)
Completed 200 OK in 11ms (Views: 9.8ms | ActiveRecord: 0.0ms)


Started GET "/cocinas" for 127.0.0.1 at Tue Mar 27 18:17:41 -0500 2012
  Processing by CocinasController#index as HTML
  [1m[36mCocina Load (1.1ms)[0m  [1mSELECT "cocinas".* FROM "cocinas"[0m
Rendered cocinas/_cocina.html.erb (70.0ms)
Rendered cocinas/index.html.erb within layouts/application (81.7ms)
Completed 200 OK in 175ms (Views: 86.5ms | ActiveRecord: 1.1ms)


Started POST "/cocinas" for 127.0.0.1 at Tue Mar 27 18:17:45 -0500 2012
  Processing by CocinasController#create as JS
  Parameters: {"authenticity_token"=>"LcKPklKlc8jHSq9UdeSsA5cLB0W2EjwvGXG56bjl8zw=", "commit"=>"Send", "cocina"=>{"content"=>"oelo"}, "utf8"=>"✓"}
  [1m[35mSQL (0.3ms)[0m   SELECT name
 FROM sqlite_master
 WHERE type = 'table' AND NOT name = 'sqlite_sequence'
  [1m[36mAREL (0.5ms)[0m  [1mINSERT INTO "cocinas" ("content", "created_at", "updated_at") VALUES ('oe dice: oelo', '2012-03-27 23:17:45.266880', '2012-03-27 23:17:45.266880')[0m
Rendered cocinas/_cocina.html.erb (0.7ms)
Rendered cocinas/create.js.erb (51.3ms)
Completed 200 OK in 282ms (Views: 62.8ms | ActiveRecord: 0.8ms)


Started GET "/pages" for 127.0.0.1 at Tue Mar 27 18:17:52 -0500 2012
  Processing by PagesController#index as HTML
Rendered pages/index.html.erb within layouts/application (3.4ms)
Completed 200 OK in 9ms (Views: 8.3ms | ActiveRecord: 0.0ms)


Started GET "/deportes" for 127.0.0.1 at Tue Mar 27 18:17:54 -0500 2012
  Processing by DeportesController#index as HTML
  [1m[35mDeporte Load (0.6ms)[0m  SELECT "deportes".* FROM "deportes"
Rendered deportes/_deporte.html.erb (2.2ms)
Rendered deportes/index.html.erb within layouts/application (11.5ms)
Completed 200 OK in 23ms (Views: 16.3ms | ActiveRecord: 0.6ms)


Started GET "/cocinas" for 127.0.0.1 at Tue Mar 27 18:18:11 -0500 2012
  Processing by CocinasController#index as HTML
Redirected to http://localhost:3000/
Completed 302 Found in 1ms


Started GET "/" for 127.0.0.1 at Tue Mar 27 18:18:11 -0500 2012
  Processing by IniciosController#new as HTML
Rendered inicios/new.html.erb within layouts/application (3.1ms)
Completed 200 OK in 8ms (Views: 7.8ms | ActiveRecord: 0.0ms)


Started POST "/inicios" for 127.0.0.1 at Tue Mar 27 18:18:15 -0500 2012
  Processing by IniciosController#create as HTML
  Parameters: {"nickname"=>"oe", "authenticity_token"=>"qiLhEpvRu9mEcC17BLGgVMJLxadLrZpzeno5KAObfow=", "commit"=>"Entrar", "utf8"=>"✓"}
Redirected to http://localhost:3000/pages
Completed 302 Found in 1ms


Started GET "/pages" for 127.0.0.1 at Tue Mar 27 18:18:15 -0500 2012
  Processing by PagesController#index as HTML
Rendered pages/index.html.erb within layouts/application (3.4ms)
Completed 200 OK in 10ms (Views: 9.6ms | ActiveRecord: 0.0ms)


Started GET "/cocinas" for 127.0.0.1 at Tue Mar 27 18:18:28 -0500 2012
  Processing by CocinasController#index as HTML
  [1m[36mCocina Load (1.2ms)[0m  [1mSELECT "cocinas".* FROM "cocinas"[0m
Rendered cocinas/_cocina.html.erb (13.3ms)
Rendered cocinas/index.html.erb within layouts/application (20.9ms)
Completed 200 OK in 34ms (Views: 26.4ms | ActiveRecord: 1.2ms)


Started POST "/cocinas" for 127.0.0.1 at Tue Mar 27 18:18:40 -0500 2012
  Processing by CocinasController#create as JS
  Parameters: {"authenticity_token"=>"qiLhEpvRu9mEcC17BLGgVMJLxadLrZpzeno5KAObfow=", "commit"=>"Send", "cocina"=>{"content"=>"bien"}, "utf8"=>"✓"}
  [1m[35mAREL (0.3ms)[0m  INSERT INTO "cocinas" ("content", "created_at", "updated_at") VALUES ('oe dice: bien', '2012-03-27 23:18:41.013980', '2012-03-27 23:18:41.013980')
Rendered cocinas/_cocina.html.erb (0.7ms)
Rendered cocinas/create.js.erb (8.4ms)
Completed 200 OK in 178ms (Views: 19.9ms | ActiveRecord: 0.3ms)


Started POST "/deportes" for 127.0.0.1 at Tue Mar 27 18:18:48 -0500 2012
  Processing by DeportesController#create as JS
  Parameters: {"authenticity_token"=>"LcKPklKlc8jHSq9UdeSsA5cLB0W2EjwvGXG56bjl8zw=", "commit"=>"Send", "deporte"=>{"content"=>"bien"}, "utf8"=>"✓"}
  [1m[36mAREL (0.3ms)[0m  [1mINSERT INTO "deportes" ("created_at", "content", "updated_at") VALUES ('2012-03-27 23:18:48.533502', 'oe dice: bien', '2012-03-27 23:18:48.533502')[0m
Rendered deportes/_deporte.html.erb (0.7ms)
Rendered deportes/create.js.erb (8.1ms)
Completed 200 OK in 150ms (Views: 18.1ms | ActiveRecord: 0.3ms)


Started GET "/pages" for 127.0.0.1 at Tue Mar 27 18:18:58 -0500 2012
  Processing by PagesController#index as HTML
Rendered pages/index.html.erb within layouts/application (2.9ms)
Completed 200 OK in 9ms (Views: 8.4ms | ActiveRecord: 0.0ms)


Started GET "/deportes" for 127.0.0.1 at Tue Mar 27 18:20:29 -0500 2012
  Processing by DeportesController#index as HTML
  [1m[36mDeporte Load (0.7ms)[0m  [1mSELECT "deportes".* FROM "deportes"[0m
Rendered deportes/_deporte.html.erb (7.6ms)
Rendered deportes/index.html.erb within layouts/application (20.6ms)
Completed 200 OK in 112ms (Views: 87.0ms | ActiveRecord: 0.7ms)
  [1m[36mSQL (0.5ms)[0m  [1m SELECT name
 FROM sqlite_master
 WHERE type = 'table' AND NOT name = 'sqlite_sequence'
[0m
  [1m[35mSQL (0.2ms)[0m   SELECT name
 FROM sqlite_master
 WHERE type = 'table' AND NOT name = 'sqlite_sequence'
  [1m[36mSQL (0.2ms)[0m  [1mSELECT "schema_migrations"."version" FROM "schema_migrations"[0m
Migrating to CreateCocinas (20120322143224)
Migrating to CreateDeportes (20120322155451)
  [1m[35mSQL (0.1ms)[0m  select sqlite_version(*)
  [1m[36mSQL (0.2ms)[0m  [1m SELECT name
 FROM sqlite_master
 WHERE type = 'table' AND NOT name = 'sqlite_sequence'
[0m
  [1m[35mSQL (0.2ms)[0m  SELECT "schema_migrations"."version" FROM "schema_migrations"
  [1m[36mSQL (0.2ms)[0m  [1m SELECT name
 FROM sqlite_master
 WHERE type = 'table' AND NOT name = 'sqlite_sequence'
[0m
  [1m[35mSQL (0.1ms)[0m  PRAGMA index_list("cocinas")
  [1m[36mSQL (0.0ms)[0m  [1mPRAGMA index_list("deportes")[0m


Started GET "/deportes" for 127.0.0.1 at Tue Mar 27 18:24:02 -0500 2012
  Processing by DeportesController#index as HTML
  [1m[36mDeporte Load (0.7ms)[0m  [1mSELECT "deportes".* FROM "deportes"[0m
Rendered deportes/_deporte.html.erb (8.7ms)
Rendered deportes/index.html.erb within layouts/application (20.1ms)
Completed 200 OK in 111ms (Views: 85.8ms | ActiveRecord: 0.7ms)


Started GET "/deportes" for 127.0.0.1 at Tue Mar 27 18:24:06 -0500 2012
  Processing by DeportesController#index as HTML
  [1m[35mDeporte Load (0.4ms)[0m  SELECT "deportes".* FROM "deportes"
Rendered deportes/_deporte.html.erb (5.2ms)
Rendered deportes/index.html.erb within layouts/application (11.4ms)
Completed 200 OK in 23ms (Views: 16.2ms | ActiveRecord: 0.4ms)


Started GET "/cocinas" for 127.0.0.1 at Tue Mar 27 18:24:13 -0500 2012
  Processing by CocinasController#index as HTML
Redirected to http://localhost:3000/
Completed 302 Found in 1ms


Started GET "/" for 127.0.0.1 at Tue Mar 27 18:24:13 -0500 2012
  Processing by IniciosController#new as HTML
Rendered inicios/new.html.erb within layouts/application (3.3ms)
Completed 200 OK in 9ms (Views: 8.4ms | ActiveRecord: 0.0ms)


Started POST "/inicios" for 127.0.0.1 at Tue Mar 27 18:24:17 -0500 2012
  Processing by IniciosController#create as HTML
  Parameters: {"authenticity_token"=>"Ka7RPANm0TY0uSlvxszaX2TG/dR0C2+L3f5AzG/+2MQ=", "utf8"=>"✓", "commit"=>"Entrar", "nickname"=>"james"}
Redirected to http://localhost:3000/pages
Completed 302 Found in 1ms


Started GET "/pages" for 127.0.0.1 at Tue Mar 27 18:24:17 -0500 2012
  Processing by PagesController#index as HTML
Rendered pages/index.html.erb within layouts/application (3.8ms)
Completed 200 OK in 10ms (Views: 9.2ms | ActiveRecord: 0.0ms)


Started GET "/deportes" for 127.0.0.1 at Tue Mar 27 18:24:28 -0500 2012
  Processing by DeportesController#index as HTML
  [1m[36mDeporte Load (0.6ms)[0m  [1mSELECT "deportes".* FROM "deportes"[0m
Rendered deportes/_deporte.html.erb (6.9ms)
Rendered deportes/index.html.erb within layouts/application (14.4ms)
Completed 200 OK in 27ms (Views: 19.8ms | ActiveRecord: 0.6ms)
  [1m[36mSQL (0.2ms)[0m  [1mselect sqlite_version(*)[0m
  [1m[35mSQL (0.3ms)[0m   SELECT name
 FROM sqlite_master
 WHERE type = 'table' AND NOT name = 'sqlite_sequence'
  [1m[36mSQL (138.0ms)[0m  [1mCREATE TABLE "cocinas" ("id" INTEGER PRIMARY KEY AUTOINCREMENT NOT NULL, "content" varchar(255), "created_at" datetime, "updated_at" datetime) [0m
  [1m[35mSQL (0.3ms)[0m   SELECT name
 FROM sqlite_master
 WHERE type = 'table' AND NOT name = 'sqlite_sequence'
  [1m[36mSQL (123.0ms)[0m  [1mCREATE TABLE "deportes" ("id" INTEGER PRIMARY KEY AUTOINCREMENT NOT NULL, "content" varchar(255), "created_at" datetime, "updated_at" datetime) [0m
  [1m[35mSQL (0.3ms)[0m   SELECT name
 FROM sqlite_master
 WHERE type = 'table' AND NOT name = 'sqlite_sequence'
  [1m[36mSQL (142.6ms)[0m  [1mCREATE TABLE "onlines" ("id" INTEGER PRIMARY KEY AUTOINCREMENT NOT NULL, "name" varchar(255), "created_at" datetime, "updated_at" datetime) [0m
  [1m[35mSQL (0.4ms)[0m   SELECT name
 FROM sqlite_master
 WHERE type = 'table' AND NOT name = 'sqlite_sequence'
  [1m[36mSQL (109.8ms)[0m  [1mCREATE TABLE "schema_migrations" ("version" varchar(255) NOT NULL) [0m
  [1m[35mSQL (0.1ms)[0m  PRAGMA index_list("schema_migrations")
  [1m[36mSQL (77.1ms)[0m  [1mCREATE UNIQUE INDEX "unique_schema_migrations" ON "schema_migrations" ("version")[0m
  [1m[35mSQL (0.3ms)[0m   SELECT name
 FROM sqlite_master
 WHERE type = 'table' AND NOT name = 'sqlite_sequence'
  [1m[36mSQL (0.2ms)[0m  [1mSELECT version FROM "schema_migrations"[0m
  [1m[35mSQL (109.3ms)[0m  INSERT INTO "schema_migrations" (version) VALUES ('20120324194139')
  [1m[36mSQL (88.6ms)[0m  [1mINSERT INTO "schema_migrations" (version) VALUES ('20120322143224')[0m
  [1m[35mSQL (88.6ms)[0m  INSERT INTO "schema_migrations" (version) VALUES ('20120322155451')
  [1m[36mSQL (0.4ms)[0m  [1m SELECT name
 FROM sqlite_master
 WHERE type = 'table' AND NOT name = 'sqlite_sequence'
[0m
  [1m[35mSQL (0.3ms)[0m   SELECT name
 FROM sqlite_master
 WHERE type = 'table' AND NOT name = 'sqlite_sequence'
  [1m[36mSQL (0.3ms)[0m  [1mSELECT "schema_migrations"."version" FROM "schema_migrations"[0m


Started GET "/" for 127.0.0.1 at Wed Mar 28 07:46:32 -0500 2012
  Processing by IniciosController#index as HTML
Rendered inicios/index.html.erb within layouts/application (3.3ms)
Completed 200 OK in 17ms (Views: 16.1ms | ActiveRecord: 0.0ms)


Started GET "/" for 127.0.0.1 at Wed Mar 28 07:46:33 -0500 2012
  Processing by IniciosController#index as HTML
Rendered inicios/index.html.erb within layouts/application (3.6ms)
Completed 200 OK in 9ms (Views: 8.6ms | ActiveRecord: 0.0ms)


Started POST "/inicios" for 127.0.0.1 at Wed Mar 28 07:46:40 -0500 2012
  Processing by IniciosController#create as HTML
  Parameters: {"utf8"=>"✓", "nickname"=>"ruben", "commit"=>"Entrar", "authenticity_token"=>"O1h7w+Swe4Ivk5vFbgR2eP9zCgTNDby7FiFjn2o3f50="}
  [1m[36mSQL (0.3ms)[0m  [1m SELECT name
 FROM sqlite_master
 WHERE type = 'table' AND NOT name = 'sqlite_sequence'
[0m
  [1m[35mOnline Load (0.2ms)[0m  SELECT "onlines".* FROM "onlines" WHERE "onlines"."name" = 'ruben' LIMIT 1
  [1m[36mAREL (0.4ms)[0m  [1mINSERT INTO "onlines" ("name", "created_at", "updated_at") VALUES ('ruben', '2012-03-28 12:46:40.778024', '2012-03-28 12:46:40.778024')[0m
Redirected to http://localhost:3000/pages
Completed 302 Found in 279ms


Started GET "/pages" for 127.0.0.1 at Wed Mar 28 07:46:40 -0500 2012
  Processing by PagesController#index as HTML
Rendered pages/index.html.erb within layouts/application (3.8ms)
Completed 200 OK in 9ms (Views: 8.9ms | ActiveRecord: 0.9ms)


Started GET "/cocinas" for 127.0.0.1 at Wed Mar 28 07:46:44 -0500 2012
  Processing by CocinasController#index as HTML
  [1m[35mCocina Load (0.4ms)[0m  SELECT "cocinas".* FROM "cocinas"
  [1m[36mOnline Load (0.2ms)[0m  [1mSELECT "onlines".* FROM "onlines"[0m
Rendered collection (0.0ms)
Rendered cocinas/index.html.erb within layouts/application (20.5ms)
Completed 200 OK in 141ms (Views: 28.3ms | ActiveRecord: 0.6ms)


Started GET "/cocinas" for 127.0.0.1 at Wed Mar 28 07:47:01 -0500 2012
  Processing by CocinasController#index as HTML
Redirected to http://localhost:3000/
Completed 302 Found in 1ms


Started GET "/" for 127.0.0.1 at Wed Mar 28 07:47:02 -0500 2012
  Processing by IniciosController#index as HTML
Rendered inicios/index.html.erb within layouts/application (3.2ms)
Completed 200 OK in 8ms (Views: 7.9ms | ActiveRecord: 0.0ms)


Started POST "/inicios" for 127.0.0.1 at Wed Mar 28 07:47:08 -0500 2012
  Processing by IniciosController#create as HTML
  Parameters: {"utf8"=>"✓", "nickname"=>"trivi", "commit"=>"Entrar", "authenticity_token"=>"PWtlcaFlO78iZby5MXurX28J3lWrfUIUqQeagSGKPzs="}
  [1m[35mOnline Load (0.2ms)[0m  SELECT "onlines".* FROM "onlines" WHERE "onlines"."name" = 'trivi' LIMIT 1
  [1m[36mAREL (0.3ms)[0m  [1mINSERT INTO "onlines" ("updated_at", "created_at", "name") VALUES ('2012-03-28 12:47:08.173648', '2012-03-28 12:47:08.173648', 'trivi')[0m
Redirected to http://localhost:3000/pages
Completed 302 Found in 101ms


Started GET "/pages" for 127.0.0.1 at Wed Mar 28 07:47:08 -0500 2012
  Processing by PagesController#index as HTML
Rendered pages/index.html.erb within layouts/application (3.8ms)
Completed 200 OK in 10ms (Views: 9.0ms | ActiveRecord: 0.4ms)


Started GET "/cocinas" for 127.0.0.1 at Wed Mar 28 07:47:09 -0500 2012
  Processing by CocinasController#index as HTML
  [1m[35mCocina Load (0.4ms)[0m  SELECT "cocinas".* FROM "cocinas"
  [1m[36mOnline Load (0.3ms)[0m  [1mSELECT "onlines".* FROM "onlines"[0m
Rendered collection (0.0ms)
Rendered cocinas/index.html.erb within layouts/application (17.0ms)
Completed 200 OK in 28ms (Views: 22.0ms | ActiveRecord: 0.7ms)


Started GET "/cocinas" for 127.0.0.1 at Wed Mar 28 07:47:13 -0500 2012
  Processing by CocinasController#index as HTML
  [1m[35mCocina Load (0.4ms)[0m  SELECT "cocinas".* FROM "cocinas"
  [1m[36mOnline Load (0.3ms)[0m  [1mSELECT "onlines".* FROM "onlines"[0m
Rendered collection (0.0ms)
Rendered cocinas/index.html.erb within layouts/application (87.4ms)
Completed 200 OK in 98ms (Views: 92.6ms | ActiveRecord: 0.7ms)


Started POST "/cocinas" for 127.0.0.1 at Wed Mar 28 07:47:19 -0500 2012
  Processing by CocinasController#create as JS
  Parameters: {"utf8"=>"✓", "commit"=>"Send", "cocina"=>{"content"=>"oelo"}, "authenticity_token"=>"PWtlcaFlO78iZby5MXurX28J3lWrfUIUqQeagSGKPzs="}
  [1m[35mAREL (0.3ms)[0m  INSERT INTO "cocinas" ("updated_at", "content", "created_at") VALUES ('2012-03-28 12:47:19.720992', 'trivi dice: oelo', '2012-03-28 12:47:19.720992')
Rendered cocinas/_cocina.html.erb (53.4ms)
Rendered cocinas/create.js.erb (93.8ms)
Completed 200 OK in 312ms (Views: 119.8ms | ActiveRecord: 0.3ms)


Started POST "/cocinas" for 127.0.0.1 at Wed Mar 28 07:47:20 -0500 2012
  Processing by CocinasController#create as JS
  Parameters: {"utf8"=>"✓", "commit"=>"Send", "cocina"=>{"content"=>""}, "authenticity_token"=>"PWtlcaFlO78iZby5MXurX28J3lWrfUIUqQeagSGKPzs="}
  [1m[36mAREL (0.3ms)[0m  [1mINSERT INTO "cocinas" ("content", "created_at", "updated_at") VALUES ('trivi dice: ', '2012-03-28 12:47:20.170191', '2012-03-28 12:47:20.170191')[0m
Rendered cocinas/_cocina.html.erb (1.0ms)
Rendered cocinas/create.js.erb (31.8ms)
Completed 200 OK in 130ms (Views: 42.6ms | ActiveRecord: 0.3ms)


Started POST "/cocinas" for 127.0.0.1 at Wed Mar 28 07:47:27 -0500 2012
  Processing by CocinasController#create as JS
  Parameters: {"utf8"=>"✓", "commit"=>"Send", "cocina"=>{"content"=>"bien o no"}, "authenticity_token"=>"PWtlcaFlO78iZby5MXurX28J3lWrfUIUqQeagSGKPzs="}
  [1m[35mAREL (0.3ms)[0m  INSERT INTO "cocinas" ("created_at", "content", "updated_at") VALUES ('2012-03-28 12:47:27.344358', 'trivi dice: bien o no', '2012-03-28 12:47:27.344358')
Rendered cocinas/_cocina.html.erb (0.6ms)
Rendered cocinas/create.js.erb (16.0ms)
Completed 200 OK in 200ms (Views: 26.9ms | ActiveRecord: 0.3ms)


Started POST "/cocinas" for 127.0.0.1 at Wed Mar 28 07:47:36 -0500 2012
  Processing by CocinasController#create as JS
  Parameters: {"utf8"=>"✓", "commit"=>"Send", "cocina"=>{"content"=>"parce callate la boca"}, "authenticity_token"=>"O1h7w+Swe4Ivk5vFbgR2eP9zCgTNDby7FiFjn2o3f50="}
  [1m[36mAREL (0.3ms)[0m  [1mINSERT INTO "cocinas" ("content", "created_at", "updated_at") VALUES ('ruben dice: parce callate la boca', '2012-03-28 12:47:36.936783', '2012-03-28 12:47:36.936783')[0m
Rendered cocinas/_cocina.html.erb (1.1ms)
Rendered cocinas/create.js.erb (12.6ms)
Completed 200 OK in 135ms (Views: 24.5ms | ActiveRecord: 0.3ms)


Started POST "/cocinas" for 127.0.0.1 at Wed Mar 28 07:48:01 -0500 2012
  Processing by CocinasController#create as JS
  Parameters: {"utf8"=>"✓", "commit"=>"Send", "cocina"=>{"content"=>"presta atencion"}, "authenticity_token"=>"PWtlcaFlO78iZby5MXurX28J3lWrfUIUqQeagSGKPzs="}
  [1m[35mAREL (0.3ms)[0m  INSERT INTO "cocinas" ("content", "created_at", "updated_at") VALUES ('trivi dice: presta atencion', '2012-03-28 12:48:01.119445', '2012-03-28 12:48:01.119445')
Rendered cocinas/_cocina.html.erb (1.0ms)
Rendered cocinas/create.js.erb (9.2ms)
Completed 200 OK in 228ms (Views: 19.6ms | ActiveRecord: 0.3ms)


Started GET "/" for 127.0.0.1 at Sat May 05 13:10:58 -0500 2012
  Processing by IniciosController#index as HTML
Rendered inicios/index.html.erb within layouts/application (3.7ms)
Completed 200 OK in 35ms (Views: 34.6ms | ActiveRecord: 0.0ms)


Started POST "/inicios" for 127.0.0.1 at Sat May 05 13:11:14 -0500 2012
  Processing by IniciosController#create as HTML
  Parameters: {"nickname"=>"oe", "utf8"=>"✓", "commit"=>"Entrar", "authenticity_token"=>"amVCqcxs50yucc80WyVlDGP6zUIihoCw0gPCUmflhVc="}
  [1m[36mSQL (0.3ms)[0m  [1m SELECT name
 FROM sqlite_master
 WHERE type = 'table' AND NOT name = 'sqlite_sequence'
[0m
  [1m[35mOnline Load (0.2ms)[0m  SELECT "onlines".* FROM "onlines" WHERE "onlines"."name" = 'oe' LIMIT 1
  [1m[36mAREL (0.6ms)[0m  [1mINSERT INTO "onlines" ("created_at", "updated_at", "name") VALUES ('2012-05-05 18:11:14.848929', '2012-05-05 18:11:14.848929', 'oe')[0m
Redirected to http://localhost:3000/pages
Completed 302 Found in 223ms


Started GET "/pages" for 127.0.0.1 at Sat May 05 13:11:15 -0500 2012
  Processing by PagesController#index as HTML
Rendered pages/index.html.erb within layouts/application (3.8ms)
Completed 200 OK in 10ms (Views: 8.8ms | ActiveRecord: 1.2ms)


Started GET "/deportes" for 127.0.0.1 at Sat May 05 13:11:17 -0500 2012
  Processing by DeportesController#index as HTML
  [1m[35mDeporte Load (0.4ms)[0m  SELECT "deportes".* FROM "deportes"
  [1m[36mOnline Load (0.3ms)[0m  [1mSELECT "onlines".* FROM "onlines"[0m
Rendered collection (0.0ms)
Rendered deportes/index.html.erb within layouts/application (81.9ms)
Completed 200 OK in 104ms (Views: 86.5ms | ActiveRecord: 0.7ms)


Started POST "/deportes" for 127.0.0.1 at Sat May 05 13:11:23 -0500 2012
  Processing by DeportesController#create as JS
  Parameters: {"utf8"=>"✓", "deporte"=>{"content"=>"bebe"}, "commit"=>"Send", "authenticity_token"=>"amVCqcxs50yucc80WyVlDGP6zUIihoCw0gPCUmflhVc="}
  [1m[35mAREL (0.3ms)[0m  INSERT INTO "deportes" ("created_at", "content", "updated_at") VALUES ('2012-05-05 18:11:23.121439', 'oe dice: bebe', '2012-05-05 18:11:23.121439')
Rendered deportes/_deporte.html.erb (41.9ms)
Rendered deportes/create.js.erb (78.9ms)
Completed 200 OK in 194ms (Views: 104.4ms | ActiveRecord: 0.3ms)


Started POST "/deportes" for 127.0.0.1 at Sat May 05 13:11:28 -0500 2012
  Processing by DeportesController#create as JS
  Parameters: {"utf8"=>"✓", "deporte"=>{"content"=>"entonces bien o no"}, "commit"=>"Send", "authenticity_token"=>"amVCqcxs50yucc80WyVlDGP6zUIihoCw0gPCUmflhVc="}
  [1m[36mAREL (0.3ms)[0m  [1mINSERT INTO "deportes" ("created_at", "content", "updated_at") VALUES ('2012-05-05 18:11:28.305091', 'oe dice: entonces bien o no', '2012-05-05 18:11:28.305091')[0m
Rendered deportes/_deporte.html.erb (1.0ms)
Rendered deportes/create.js.erb (8.3ms)
Completed 200 OK in 168ms (Views: 16.5ms | ActiveRecord: 0.3ms)


Started POST "/inicios" for 127.0.0.1 at Sat May 05 13:12:51 -0500 2012
  Processing by IniciosController#destroy as HTML
  Parameters: {"authenticity_token"=>"amVCqcxs50yucc80WyVlDGP6zUIihoCw0gPCUmflhVc="}
  [1m[35mOnline Load (0.3ms)[0m  SELECT "onlines".* FROM "onlines" WHERE "onlines"."name" = 'oe' LIMIT 1
  [1m[36mAREL (0.3ms)[0m  [1mDELETE FROM "onlines" WHERE "onlines"."id" = 3[0m
Redirected to http://localhost:3000/
Completed 302 Found in 133ms


Started GET "/" for 127.0.0.1 at Sat May 05 13:12:51 -0500 2012
  Processing by IniciosController#index as HTML
Rendered inicios/index.html.erb within layouts/application (3.8ms)
Completed 200 OK in 11ms (Views: 9.8ms | ActiveRecord: 0.6ms)


Started POST "/inicios" for 127.0.0.1 at Sat May 05 13:12:56 -0500 2012
  Processing by IniciosController#create as HTML
  Parameters: {"nickname"=>"bien", "utf8"=>"✓", "commit"=>"Entrar", "authenticity_token"=>"amVCqcxs50yucc80WyVlDGP6zUIihoCw0gPCUmflhVc="}
  [1m[35mOnline Load (0.2ms)[0m  SELECT "onlines".* FROM "onlines" WHERE "onlines"."name" = 'bien' LIMIT 1
  [1m[36mAREL (0.3ms)[0m  [1mINSERT INTO "onlines" ("name", "updated_at", "created_at") VALUES ('bien', '2012-05-05 18:12:56.436761', '2012-05-05 18:12:56.436761')[0m
Redirected to http://localhost:3000/pages
Completed 302 Found in 137ms


Started GET "/pages" for 127.0.0.1 at Sat May 05 13:12:56 -0500 2012
  Processing by PagesController#index as HTML
Rendered pages/index.html.erb within layouts/application (3.4ms)
Completed 200 OK in 9ms (Views: 8.6ms | ActiveRecord: 0.5ms)


Started GET "/cocinas" for 127.0.0.1 at Sat May 05 13:12:58 -0500 2012
  Processing by CocinasController#index as HTML
  [1m[35mCocina Load (0.5ms)[0m  SELECT "cocinas".* FROM "cocinas"
  [1m[36mOnline Load (0.4ms)[0m  [1mSELECT "onlines".* FROM "onlines"[0m
Rendered cocinas/_cocina.html.erb (1.8ms)
Rendered cocinas/index.html.erb within layouts/application (67.7ms)
Completed 200 OK in 98ms (Views: 72.1ms | ActiveRecord: 0.9ms)


Started POST "/inicios" for 127.0.0.1 at Sat May 05 13:13:21 -0500 2012
  Processing by IniciosController#destroy as HTML
  Parameters: {"authenticity_token"=>"amVCqcxs50yucc80WyVlDGP6zUIihoCw0gPCUmflhVc="}
  [1m[35mOnline Load (0.3ms)[0m  SELECT "onlines".* FROM "onlines" WHERE "onlines"."name" = 'bien' LIMIT 1
  [1m[36mAREL (0.3ms)[0m  [1mDELETE FROM "onlines" WHERE "onlines"."id" = 4[0m
Redirected to http://localhost:3000/
Completed 302 Found in 123ms


Started GET "/" for 127.0.0.1 at Sat May 05 13:13:21 -0500 2012
  Processing by IniciosController#index as HTML
Rendered inicios/index.html.erb within layouts/application (3.6ms)
Completed 200 OK in 11ms (Views: 10.4ms | ActiveRecord: 0.6ms)
